# JRE version: OpenJDK Runtime Environment Temurin-21.0.5+11 (21.0.5+11) (build 21.0.5+11-LTS)
# Java VM: OpenJDK 64-Bit Server VM Temurin-21.0.5+11 (21.0.5+11-LTS, mixed mode, sharing, tiered, compressed oops, compressed class ptrs, parallel gc, windows-amd64)
GC Precious Log:
 CardTable entry size: 512
 CPUs: 4 total, 4 available
 Memory: 3858M
 Large Page Support: Disabled
 NUMA Support: Disabled
 Compressed Oops: Enabled (32-bit)
 Alignments: Space 512K, Generation 512K, Heap 2M
 Heap Min Capacity: 100M
 Heap Initial Capacity: 100M
 Heap Max Capacity: 1G
 Pre-touch: Disabled
 Parallel Workers: 4
Heap:
 PSYoungGen      total 8192K, used 7980K [0x00000000eab00000, 0x00000000eb400000, 0x0000000100000000)
  eden space 7680K, 100% used [0x00000000eab00000,0x00000000eb280000,0x00000000eb280000)
  from space 512K, 58% used [0x00000000eb380000,0x00000000eb3cb1d0,0x00000000eb400000)
  to   space 512K, 100% used [0x00000000eb300000,0x00000000eb380000,0x00000000eb380000)
 ParOldGen       total 480256K, used 479888K [0x00000000c0000000, 0x00000000dd500000, 0x00000000eab00000)
  object space 480256K, 99% used [0x00000000c0000000,0x00000000dd4a4188,0x00000000dd500000)
 Metaspace       used 66647K, committed 68160K, reserved 1114112K
  class space    used 6922K, committed 7552K, reserved 1048576K
GC Heap History (20 events):
Event: 81.139 GC heap before
{Heap before GC invocations=1031 (full 4):
 PSYoungGen      total 6144K, used 5754K [0x00000000eab00000, 0x00000000eb200000, 0x0000000100000000)
  eden space 5120K, 100% used [0x00000000eab00000,0x00000000eb000000,0x00000000eb000000)
  from space 1024K, 61% used [0x00000000eb100000,0x00000000eb19ea20,0x00000000eb200000)
  to   space 1024K, 0% used [0x00000000eb000000,0x00000000eb000000,0x00000000eb100000)
 ParOldGen       total 473600K, used 473408K [0x00000000c0000000, 0x00000000dce80000, 0x00000000eab00000)
  object space 473600K, 99% used [0x00000000c0000000,0x00000000dce503a0,0x00000000dce80000)
 Metaspace       used 66647K, committed 68160K, reserved 1114112K
  class space    used 6922K, committed 7552K, reserved 1048576K
}
Event: 81.143 GC heap after
{Heap after GC invocations=1031 (full 4):
 PSYoungGen      total 6144K, used 544K [0x00000000eab00000, 0x00000000eb200000, 0x0000000100000000)
  eden space 5120K, 0% used [0x00000000eab00000,0x00000000eab00000,0x00000000eb000000)
  from space 1024K, 53% used [0x00000000eb000000,0x00000000eb088000,0x00000000eb100000)
  to   space 1024K, 0% used [0x00000000eb100000,0x00000000eb100000,0x00000000eb200000)
 ParOldGen       total 474112K, used 473920K [0x00000000c0000000, 0x00000000dcf00000, 0x00000000eab00000)
  object space 474112K, 99% used [0x00000000c0000000,0x00000000dced03a0,0x00000000dcf00000)
 Metaspace       used 66647K, committed 68160K, reserved 1114112K
  class space    used 6922K, committed 7552K, reserved 1048576K
}
Event: 81.181 GC heap before
{Heap before GC invocations=1032 (full 4):
 PSYoungGen      total 6144K, used 5664K [0x00000000eab00000, 0x00000000eb200000, 0x0000000100000000)
  eden space 5120K, 100% used [0x00000000eab00000,0x00000000eb000000,0x00000000eb000000)
  from space 1024K, 53% used [0x00000000eb000000,0x00000000eb088000,0x00000000eb100000)
  to   space 1024K, 0% used [0x00000000eb100000,0x00000000eb100000,0x00000000eb200000)
 ParOldGen       total 474112K, used 473920K [0x00000000c0000000, 0x00000000dcf00000, 0x00000000eab00000)
  object space 474112K, 99% used [0x00000000c0000000,0x00000000dced03a0,0x00000000dcf00000)
 Metaspace       used 66647K, committed 68160K, reserved 1114112K
  class space    used 6922K, committed 7552K, reserved 1048576K
}
Event: 81.245 GC heap after
{Heap after GC invocations=1032 (full 4):
 PSYoungGen      total 6144K, used 728K [0x00000000eab00000, 0x00000000eb300000, 0x0000000100000000)
  eden space 5120K, 0% used [0x00000000eab00000,0x00000000eab00000,0x00000000eb000000)
  from space 1024K, 71% used [0x00000000eb100000,0x00000000eb1b6008,0x00000000eb200000)
  to   space 1024K, 0% used [0x00000000eb000000,0x00000000eb000000,0x00000000eb100000)
 ParOldGen       total 474624K, used 474432K [0x00000000c0000000, 0x00000000dcf80000, 0x00000000eab00000)
  object space 474624K, 99% used [0x00000000c0000000,0x00000000dcf503a0,0x00000000dcf80000)
 Metaspace       used 66647K, committed 68160K, reserved 1114112K
  class space    used 6922K, committed 7552K, reserved 1048576K
}
Event: 81.273 GC heap before
{Heap before GC invocations=1033 (full 4):
 PSYoungGen      total 6144K, used 5848K [0x00000000eab00000, 0x00000000eb300000, 0x0000000100000000)
  eden space 5120K, 100% used [0x00000000eab00000,0x00000000eb000000,0x00000000eb000000)
  from space 1024K, 71% used [0x00000000eb100000,0x00000000eb1b6008,0x00000000eb200000)
  to   space 1024K, 0% used [0x00000000eb000000,0x00000000eb000000,0x00000000eb100000)
 ParOldGen       total 474624K, used 474432K [0x00000000c0000000, 0x00000000dcf80000, 0x00000000eab00000)
  object space 474624K, 99% used [0x00000000c0000000,0x00000000dcf503a0,0x00000000dcf80000)
 Metaspace       used 66647K, committed 68160K, reserved 1114112K
  class space    used 6922K, committed 7552K, reserved 1048576K
}
Event: 81.279 GC heap after
{Heap after GC invocations=1033 (full 4):
 PSYoungGen      total 6144K, used 608K [0x00000000eab00000, 0x00000000eb300000, 0x0000000100000000)
  eden space 5120K, 0% used [0x00000000eab00000,0x00000000eab00000,0x00000000eb000000)
  from space 1024K, 59% used [0x00000000eb000000,0x00000000eb098000,0x00000000eb100000)
  to   space 1024K, 0% used [0x00000000eb200000,0x00000000eb200000,0x00000000eb300000)
 ParOldGen       total 475136K, used 475096K [0x00000000c0000000, 0x00000000dd000000, 0x00000000eab00000)
  object space 475136K, 99% used [0x00000000c0000000,0x00000000dcff63a8,0x00000000dd000000)
 Metaspace       used 66647K, committed 68160K, reserved 1114112K
  class space    used 6922K, committed 7552K, reserved 1048576K
}
Event: 81.307 GC heap before
{Heap before GC invocations=1034 (full 4):
 PSYoungGen      total 6144K, used 5728K [0x00000000eab00000, 0x00000000eb300000, 0x0000000100000000)
  eden space 5120K, 100% used [0x00000000eab00000,0x00000000eb000000,0x00000000eb000000)
  from space 1024K, 59% used [0x00000000eb000000,0x00000000eb098000,0x00000000eb100000)
  to   space 1024K, 0% used [0x00000000eb200000,0x00000000eb200000,0x00000000eb300000)
 ParOldGen       total 475136K, used 475096K [0x00000000c0000000, 0x00000000dd000000, 0x00000000eab00000)
  object space 475136K, 99% used [0x00000000c0000000,0x00000000dcff63a8,0x00000000dd000000)
 Metaspace       used 66647K, committed 68160K, reserved 1114112K
  class space    used 6922K, committed 7552K, reserved 1048576K
}
Event: 81.311 GC heap after
{Heap after GC invocations=1034 (full 4):
 PSYoungGen      total 7168K, used 544K [0x00000000eab00000, 0x00000000eb300000, 0x0000000100000000)
  eden space 6144K, 0% used [0x00000000eab00000,0x00000000eab00000,0x00000000eb100000)
  from space 1024K, 53% used [0x00000000eb200000,0x00000000eb288000,0x00000000eb300000)
  to   space 1024K, 0% used [0x00000000eb100000,0x00000000eb100000,0x00000000eb200000)
 ParOldGen       total 475648K, used 475627K [0x00000000c0000000, 0x00000000dd080000, 0x00000000eab00000)
  object space 475648K, 99% used [0x00000000c0000000,0x00000000dd07afb8,0x00000000dd080000)
 Metaspace       used 66647K, committed 68160K, reserved 1114112K
  class space    used 6922K, committed 7552K, reserved 1048576K
}
Event: 81.347 GC heap before
{Heap before GC invocations=1035 (full 4):
 PSYoungGen      total 7168K, used 6688K [0x00000000eab00000, 0x00000000eb300000, 0x0000000100000000)
  eden space 6144K, 100% used [0x00000000eab00000,0x00000000eb100000,0x00000000eb100000)
  from space 1024K, 53% used [0x00000000eb200000,0x00000000eb288000,0x00000000eb300000)
  to   space 1024K, 0% used [0x00000000eb100000,0x00000000eb100000,0x00000000eb200000)
 ParOldGen       total 475648K, used 475627K [0x00000000c0000000, 0x00000000dd080000, 0x00000000eab00000)
  object space 475648K, 99% used [0x00000000c0000000,0x00000000dd07afb8,0x00000000dd080000)
 Metaspace       used 66647K, committed 68160K, reserved 1114112K
  class space    used 6922K, committed 7552K, reserved 1048576K
}
Event: 81.351 GC heap after
{Heap after GC invocations=1035 (full 4):
 PSYoungGen      total 7168K, used 672K [0x00000000eab00000, 0x00000000eb480000, 0x0000000100000000)
  eden space 6144K, 0% used [0x00000000eab00000,0x00000000eab00000,0x00000000eb100000)
  from space 1024K, 65% used [0x00000000eb100000,0x00000000eb1a8000,0x00000000eb200000)
  to   space 1024K, 0% used [0x00000000eb380000,0x00000000eb380000,0x00000000eb480000)
 ParOldGen       total 476160K, used 476091K [0x00000000c0000000, 0x00000000dd100000, 0x00000000eab00000)
  object space 476160K, 99% used [0x00000000c0000000,0x00000000dd0eefb8,0x00000000dd100000)
 Metaspace       used 66647K, committed 68160K, reserved 1114112K
  class space    used 6922K, committed 7552K, reserved 1048576K
}
Event: 81.392 GC heap before
{Heap before GC invocations=1036 (full 4):
 PSYoungGen      total 7168K, used 6816K [0x00000000eab00000, 0x00000000eb480000, 0x0000000100000000)
  eden space 6144K, 100% used [0x00000000eab00000,0x00000000eb100000,0x00000000eb100000)
  from space 1024K, 65% used [0x00000000eb100000,0x00000000eb1a8000,0x00000000eb200000)
  to   space 1024K, 0% used [0x00000000eb380000,0x00000000eb380000,0x00000000eb480000)
 ParOldGen       total 476160K, used 476091K [0x00000000c0000000, 0x00000000dd100000, 0x00000000eab00000)
  object space 476160K, 99% used [0x00000000c0000000,0x00000000dd0eefb8,0x00000000dd100000)
 Metaspace       used 66647K, committed 68160K, reserved 1114112K
  class space    used 6922K, committed 7552K, reserved 1048576K
}
Event: 81.395 GC heap after
{Heap after GC invocations=1036 (full 4):
 PSYoungGen      total 8704K, used 640K [0x00000000eab00000, 0x00000000eb480000, 0x0000000100000000)
  eden space 7680K, 0% used [0x00000000eab00000,0x00000000eab00000,0x00000000eb280000)
  from space 1024K, 62% used [0x00000000eb380000,0x00000000eb420000,0x00000000eb480000)
  to   space 1024K, 0% used [0x00000000eb280000,0x00000000eb280000,0x00000000eb380000)
 ParOldGen       total 477184K, used 476699K [0x00000000c0000000, 0x00000000dd200000, 0x00000000eab00000)
  object space 477184K, 99% used [0x00000000c0000000,0x00000000dd186fb8,0x00000000dd200000)
 Metaspace       used 66647K, committed 68160K, reserved 1114112K
  class space    used 6922K, committed 7552K, reserved 1048576K
}
Event: 81.486 GC heap before
{Heap before GC invocations=1037 (full 4):
 PSYoungGen      total 8704K, used 8310K [0x00000000eab00000, 0x00000000eb480000, 0x0000000100000000)
  eden space 7680K, 99% used [0x00000000eab00000,0x00000000eb27dbf0,0x00000000eb280000)
  from space 1024K, 62% used [0x00000000eb380000,0x00000000eb420000,0x00000000eb480000)
  to   space 1024K, 0% used [0x00000000eb280000,0x00000000eb280000,0x00000000eb380000)
 ParOldGen       total 477184K, used 476699K [0x00000000c0000000, 0x00000000dd200000, 0x00000000eab00000)
  object space 477184K, 99% used [0x00000000c0000000,0x00000000dd186fb8,0x00000000dd200000)
 Metaspace       used 66647K, committed 68160K, reserved 1114112K
  class space    used 6922K, committed 7552K, reserved 1048576K
}
Event: 81.489 GC heap after
{Heap after GC invocations=1037 (full 4):
 PSYoungGen      total 8704K, used 896K [0x00000000eab00000, 0x00000000eb480000, 0x0000000100000000)
  eden space 7680K, 0% used [0x00000000eab00000,0x00000000eab00000,0x00000000eb280000)
  from space 1024K, 87% used [0x00000000eb280000,0x00000000eb360000,0x00000000eb380000)
  to   space 1024K, 0% used [0x00000000eb380000,0x00000000eb380000,0x00000000eb480000)
 ParOldGen       total 477696K, used 477267K [0x00000000c0000000, 0x00000000dd280000, 0x00000000eab00000)
  object space 477696K, 99% used [0x00000000c0000000,0x00000000dd214fb8,0x00000000dd280000)
 Metaspace       used 66647K, committed 68160K, reserved 1114112K
  class space    used 6922K, committed 7552K, reserved 1048576K
}
Event: 81.539 GC heap before
{Heap before GC invocations=1038 (full 4):
 PSYoungGen      total 8704K, used 8576K [0x00000000eab00000, 0x00000000eb480000, 0x0000000100000000)
  eden space 7680K, 100% used [0x00000000eab00000,0x00000000eb280000,0x00000000eb280000)
  from space 1024K, 87% used [0x00000000eb280000,0x00000000eb360000,0x00000000eb380000)
  to   space 1024K, 0% used [0x00000000eb380000,0x00000000eb380000,0x00000000eb480000)
 ParOldGen       total 477696K, used 477267K [0x00000000c0000000, 0x00000000dd280000, 0x00000000eab00000)
  object space 477696K, 99% used [0x00000000c0000000,0x00000000dd214fb8,0x00000000dd280000)
 Metaspace       used 66647K, committed 68160K, reserved 1114112K
  class space    used 6922K, committed 7552K, reserved 1048576K
}
Event: 81.543 GC heap after
{Heap after GC invocations=1038 (full 4):
 PSYoungGen      total 8704K, used 832K [0x00000000eab00000, 0x00000000eb480000, 0x0000000100000000)
  eden space 7680K, 0% used [0x00000000eab00000,0x00000000eab00000,0x00000000eb280000)
  from space 1024K, 81% used [0x00000000eb380000,0x00000000eb450000,0x00000000eb480000)
  to   space 1024K, 0% used [0x00000000eb280000,0x00000000eb280000,0x00000000eb380000)
 ParOldGen       total 478208K, used 478067K [0x00000000c0000000, 0x00000000dd300000, 0x00000000eab00000)
  object space 478208K, 99% used [0x00000000c0000000,0x00000000dd2dcfb8,0x00000000dd300000)
 Metaspace       used 66647K, committed 68160K, reserved 1114112K
  class space    used 6922K, committed 7552K, reserved 1048576K
}
Event: 81.595 GC heap before
{Heap before GC invocations=1039 (full 4):
 PSYoungGen      total 8704K, used 8512K [0x00000000eab00000, 0x00000000eb480000, 0x0000000100000000)
  eden space 7680K, 100% used [0x00000000eab00000,0x00000000eb280000,0x00000000eb280000)
  from space 1024K, 81% used [0x00000000eb380000,0x00000000eb450000,0x00000000eb480000)
  to   space 1024K, 0% used [0x00000000eb280000,0x00000000eb280000,0x00000000eb380000)
 ParOldGen       total 478208K, used 478067K [0x00000000c0000000, 0x00000000dd300000, 0x00000000eab00000)
  object space 478208K, 99% used [0x00000000c0000000,0x00000000dd2dcfb8,0x00000000dd300000)
 Metaspace       used 66647K, committed 68160K, reserved 1114112K
  class space    used 6922K, committed 7552K, reserved 1048576K
}
Event: 81.599 GC heap after
{Heap after GC invocations=1039 (full 4):
 PSYoungGen      total 8704K, used 832K [0x00000000eab00000, 0x00000000eb480000, 0x0000000100000000)
  eden space 7680K, 0% used [0x00000000eab00000,0x00000000eab00000,0x00000000eb280000)
  from space 1024K, 81% used [0x00000000eb280000,0x00000000eb350000,0x00000000eb380000)
  to   space 1024K, 0% used [0x00000000eb380000,0x00000000eb380000,0x00000000eb480000)
 ParOldGen       total 479232K, used 478811K [0x00000000c0000000, 0x00000000dd400000, 0x00000000eab00000)
  object space 479232K, 99% used [0x00000000c0000000,0x00000000dd396fb8,0x00000000dd400000)
 Metaspace       used 66647K, committed 68160K, reserved 1114112K
  class space    used 6922K, committed 7552K, reserved 1048576K
}
Event: 81.763 GC heap before
{Heap before GC invocations=1040 (full 4):
 PSYoungGen      total 8704K, used 8512K [0x00000000eab00000, 0x00000000eb480000, 0x0000000100000000)
  eden space 7680K, 100% used [0x00000000eab00000,0x00000000eb280000,0x00000000eb280000)
  from space 1024K, 81% used [0x00000000eb280000,0x00000000eb350000,0x00000000eb380000)
  to   space 1024K, 0% used [0x00000000eb380000,0x00000000eb380000,0x00000000eb480000)
 ParOldGen       total 479232K, used 478811K [0x00000000c0000000, 0x00000000dd400000, 0x00000000eab00000)
  object space 479232K, 99% used [0x00000000c0000000,0x00000000dd396fb8,0x00000000dd400000)
 Metaspace       used 66647K, committed 68160K, reserved 1114112K
  class space    used 6922K, committed 7552K, reserved 1048576K
}
Event: 81.766 GC heap after
{Heap after GC invocations=1040 (full 4):
 PSYoungGen      total 8192K, used 300K [0x00000000eab00000, 0x00000000eb400000, 0x0000000100000000)
  eden space 7680K, 0% used [0x00000000eab00000,0x00000000eab00000,0x00000000eb280000)
  from space 512K, 58% used [0x00000000eb380000,0x00000000eb3cb1d0,0x00000000eb400000)
  to   space 512K, 0% used [0x00000000eb300000,0x00000000eb300000,0x00000000eb380000)
 ParOldGen       total 479744K, used 479603K [0x00000000c0000000, 0x00000000dd480000, 0x00000000eab00000)
  object space 479744K, 99% used [0x00000000c0000000,0x00000000dd45cfb8,0x00000000dd480000)
 Metaspace       used 66647K, committed 68160K, reserved 1114112K
  class space    used 6922K, committed 7552K, reserved 1048576K
}

