# JRE version: OpenJDK Runtime Environment Temurin-21.0.5+11 (21.0.5+11) (build 21.0.5+11-LTS)
# Java VM: OpenJDK 64-Bit Server VM Temurin-21.0.5+11 (21.0.5+11-LTS, mixed mode, sharing, tiered, compressed oops, compressed class ptrs, parallel gc, windows-amd64)
GC Precious Log:
 CardTable entry size: 512
 CPUs: 4 total, 4 available
 Memory: 3858M
 Large Page Support: Disabled
 NUMA Support: Disabled
 Compressed Oops: Enabled (32-bit)
 Alignments: Space 512K, Generation 512K, Heap 2M
 Heap Min Capacity: 100M
 Heap Initial Capacity: 100M
 Heap Max Capacity: 1G
 Pre-touch: Disabled
 Parallel Workers: 4
Heap:
 PSYoungGen      total 2048K, used 1760K [0x00000000eab00000, 0x00000000eae80000, 0x0000000100000000)
  eden space 1536K, 100% used [0x00000000eab00000,0x00000000eac80000,0x00000000eac80000)
  from space 512K, 43% used [0x00000000eae00000,0x00000000eae38000,0x00000000eae80000)
  to   space 512K, 56% used [0x00000000ead80000,0x00000000eadc8000,0x00000000eae00000)
 ParOldGen       total 438784K, used 438384K [0x00000000c0000000, 0x00000000dac80000, 0x00000000eab00000)
  object space 438784K, 99% used [0x00000000c0000000,0x00000000dac1c0a0,0x00000000dac80000)
 Metaspace       used 66563K, committed 68032K, reserved 1114112K
  class space    used 6920K, committed 7552K, reserved 1048576K
GC Heap History (20 events):
Event: 65.374 GC heap before
{Heap before GC invocations=711 (full 3):
 PSYoungGen      total 1536K, used 1247K [0x00000000eab00000, 0x00000000eae80000, 0x0000000100000000)
  eden space 1024K, 99% used [0x00000000eab00000,0x00000000eabfffa8,0x00000000eac00000)
  from space 512K, 43% used [0x00000000eac00000,0x00000000eac38000,0x00000000eac80000)
  to   space 512K, 0% used [0x00000000eae00000,0x00000000eae00000,0x00000000eae80000)
 ParOldGen       total 435712K, used 435637K [0x00000000c0000000, 0x00000000da980000, 0x00000000eab00000)
  object space 435712K, 99% used [0x00000000c0000000,0x00000000da96d698,0x00000000da980000)
 Metaspace       used 66562K, committed 68032K, reserved 1114112K
  class space    used 6920K, committed 7552K, reserved 1048576K
}
Event: 65.377 GC heap after
{Heap after GC invocations=711 (full 3):
 PSYoungGen      total 1536K, used 288K [0x00000000eab00000, 0x00000000eae80000, 0x0000000100000000)
  eden space 1024K, 0% used [0x00000000eab00000,0x00000000eab00000,0x00000000eac00000)
  from space 512K, 56% used [0x00000000eae00000,0x00000000eae48000,0x00000000eae80000)
  to   space 512K, 0% used [0x00000000eac00000,0x00000000eac00000,0x00000000eac80000)
 ParOldGen       total 436224K, used 435765K [0x00000000c0000000, 0x00000000daa00000, 0x00000000eab00000)
  object space 436224K, 99% used [0x00000000c0000000,0x00000000da98d698,0x00000000daa00000)
 Metaspace       used 66562K, committed 68032K, reserved 1114112K
  class space    used 6920K, committed 7552K, reserved 1048576K
}
Event: 65.402 GC heap before
{Heap before GC invocations=712 (full 3):
 PSYoungGen      total 1536K, used 1312K [0x00000000eab00000, 0x00000000eae80000, 0x0000000100000000)
  eden space 1024K, 100% used [0x00000000eab00000,0x00000000eac00000,0x00000000eac00000)
  from space 512K, 56% used [0x00000000eae00000,0x00000000eae48000,0x00000000eae80000)
  to   space 512K, 0% used [0x00000000eac00000,0x00000000eac00000,0x00000000eac80000)
 ParOldGen       total 436224K, used 435765K [0x00000000c0000000, 0x00000000daa00000, 0x00000000eab00000)
  object space 436224K, 99% used [0x00000000c0000000,0x00000000da98d698,0x00000000daa00000)
 Metaspace       used 66563K, committed 68032K, reserved 1114112K
  class space    used 6920K, committed 7552K, reserved 1048576K
}
Event: 65.407 GC heap after
{Heap after GC invocations=712 (full 3):
 PSYoungGen      total 1536K, used 162K [0x00000000eab00000, 0x00000000eae80000, 0x0000000100000000)
  eden space 1024K, 0% used [0x00000000eab00000,0x00000000eab00000,0x00000000eac00000)
  from space 512K, 31% used [0x00000000eac00000,0x00000000eac28b28,0x00000000eac80000)
  to   space 512K, 0% used [0x00000000eae00000,0x00000000eae00000,0x00000000eae80000)
 ParOldGen       total 437248K, used 436467K [0x00000000c0000000, 0x00000000dab00000, 0x00000000eab00000)
  object space 437248K, 99% used [0x00000000c0000000,0x00000000daa3cec8,0x00000000dab00000)
 Metaspace       used 66563K, committed 68032K, reserved 1114112K
  class space    used 6920K, committed 7552K, reserved 1048576K
}
Event: 65.412 GC heap before
{Heap before GC invocations=713 (full 3):
 PSYoungGen      total 1536K, used 1182K [0x00000000eab00000, 0x00000000eae80000, 0x0000000100000000)
  eden space 1024K, 99% used [0x00000000eab00000,0x00000000eabfed20,0x00000000eac00000)
  from space 512K, 31% used [0x00000000eac00000,0x00000000eac28b28,0x00000000eac80000)
  to   space 512K, 0% used [0x00000000eae00000,0x00000000eae00000,0x00000000eae80000)
 ParOldGen       total 437248K, used 436467K [0x00000000c0000000, 0x00000000dab00000, 0x00000000eab00000)
  object space 437248K, 99% used [0x00000000c0000000,0x00000000daa3cec8,0x00000000dab00000)
 Metaspace       used 66563K, committed 68032K, reserved 1114112K
  class space    used 6920K, committed 7552K, reserved 1048576K
}
Event: 65.416 GC heap after
{Heap after GC invocations=713 (full 3):
 PSYoungGen      total 2048K, used 128K [0x00000000eab00000, 0x00000000eae80000, 0x0000000100000000)
  eden space 1536K, 0% used [0x00000000eab00000,0x00000000eab00000,0x00000000eac80000)
  from space 512K, 25% used [0x00000000eae00000,0x00000000eae20000,0x00000000eae80000)
  to   space 512K, 0% used [0x00000000ead80000,0x00000000ead80000,0x00000000eae00000)
 ParOldGen       total 437248K, used 436577K [0x00000000c0000000, 0x00000000dab00000, 0x00000000eab00000)
  object space 437248K, 99% used [0x00000000c0000000,0x00000000daa58688,0x00000000dab00000)
 Metaspace       used 66563K, committed 68032K, reserved 1114112K
  class space    used 6920K, committed 7552K, reserved 1048576K
}
Event: 65.429 GC heap before
{Heap before GC invocations=714 (full 3):
 PSYoungGen      total 2048K, used 1658K [0x00000000eab00000, 0x00000000eae80000, 0x0000000100000000)
  eden space 1536K, 99% used [0x00000000eab00000,0x00000000eac7eaa8,0x00000000eac80000)
  from space 512K, 25% used [0x00000000eae00000,0x00000000eae20000,0x00000000eae80000)
  to   space 512K, 0% used [0x00000000ead80000,0x00000000ead80000,0x00000000eae00000)
 ParOldGen       total 437248K, used 436577K [0x00000000c0000000, 0x00000000dab00000, 0x00000000eab00000)
  object space 437248K, 99% used [0x00000000c0000000,0x00000000daa58688,0x00000000dab00000)
 Metaspace       used 66563K, committed 68032K, reserved 1114112K
  class space    used 6920K, committed 7552K, reserved 1048576K
}
Event: 65.431 GC heap after
{Heap after GC invocations=714 (full 3):
 PSYoungGen      total 2048K, used 256K [0x00000000eab00000, 0x00000000eae80000, 0x0000000100000000)
  eden space 1536K, 0% used [0x00000000eab00000,0x00000000eab00000,0x00000000eac80000)
  from space 512K, 50% used [0x00000000ead80000,0x00000000eadc0000,0x00000000eae00000)
  to   space 512K, 0% used [0x00000000eae00000,0x00000000eae00000,0x00000000eae80000)
 ParOldGen       total 437248K, used 436633K [0x00000000c0000000, 0x00000000dab00000, 0x00000000eab00000)
  object space 437248K, 99% used [0x00000000c0000000,0x00000000daa66688,0x00000000dab00000)
 Metaspace       used 66563K, committed 68032K, reserved 1114112K
  class space    used 6920K, committed 7552K, reserved 1048576K
}
Event: 65.444 GC heap before
{Heap before GC invocations=715 (full 3):
 PSYoungGen      total 2048K, used 1779K [0x00000000eab00000, 0x00000000eae80000, 0x0000000100000000)
  eden space 1536K, 99% used [0x00000000eab00000,0x00000000eac7cd78,0x00000000eac80000)
  from space 512K, 50% used [0x00000000ead80000,0x00000000eadc0000,0x00000000eae00000)
  to   space 512K, 0% used [0x00000000eae00000,0x00000000eae00000,0x00000000eae80000)
 ParOldGen       total 437248K, used 436633K [0x00000000c0000000, 0x00000000dab00000, 0x00000000eab00000)
  object space 437248K, 99% used [0x00000000c0000000,0x00000000daa66688,0x00000000dab00000)
 Metaspace       used 66563K, committed 68032K, reserved 1114112K
  class space    used 6920K, committed 7552K, reserved 1048576K
}
Event: 65.446 GC heap after
{Heap after GC invocations=715 (full 3):
 PSYoungGen      total 2048K, used 256K [0x00000000eab00000, 0x00000000eae80000, 0x0000000100000000)
  eden space 1536K, 0% used [0x00000000eab00000,0x00000000eab00000,0x00000000eac80000)
  from space 512K, 50% used [0x00000000eae00000,0x00000000eae40000,0x00000000eae80000)
  to   space 512K, 0% used [0x00000000ead80000,0x00000000ead80000,0x00000000eae00000)
 ParOldGen       total 437248K, used 436817K [0x00000000c0000000, 0x00000000dab00000, 0x00000000eab00000)
  object space 437248K, 99% used [0x00000000c0000000,0x00000000daa94688,0x00000000dab00000)
 Metaspace       used 66563K, committed 68032K, reserved 1114112K
  class space    used 6920K, committed 7552K, reserved 1048576K
}
Event: 65.461 GC heap before
{Heap before GC invocations=716 (full 3):
 PSYoungGen      total 2048K, used 1792K [0x00000000eab00000, 0x00000000eae80000, 0x0000000100000000)
  eden space 1536K, 100% used [0x00000000eab00000,0x00000000eac80000,0x00000000eac80000)
  from space 512K, 50% used [0x00000000eae00000,0x00000000eae40000,0x00000000eae80000)
  to   space 512K, 0% used [0x00000000ead80000,0x00000000ead80000,0x00000000eae00000)
 ParOldGen       total 437248K, used 436817K [0x00000000c0000000, 0x00000000dab00000, 0x00000000eab00000)
  object space 437248K, 99% used [0x00000000c0000000,0x00000000daa94688,0x00000000dab00000)
 Metaspace       used 66563K, committed 68032K, reserved 1114112K
  class space    used 6920K, committed 7552K, reserved 1048576K
}
Event: 65.463 GC heap after
{Heap after GC invocations=716 (full 3):
 PSYoungGen      total 2048K, used 192K [0x00000000eab00000, 0x00000000eae80000, 0x0000000100000000)
  eden space 1536K, 0% used [0x00000000eab00000,0x00000000eab00000,0x00000000eac80000)
  from space 512K, 37% used [0x00000000ead80000,0x00000000eadb0000,0x00000000eae00000)
  to   space 512K, 0% used [0x00000000eae00000,0x00000000eae00000,0x00000000eae80000)
 ParOldGen       total 437248K, used 437023K [0x00000000c0000000, 0x00000000dab00000, 0x00000000eab00000)
  object space 437248K, 99% used [0x00000000c0000000,0x00000000daac7c90,0x00000000dab00000)
 Metaspace       used 66563K, committed 68032K, reserved 1114112K
  class space    used 6920K, committed 7552K, reserved 1048576K
}
Event: 65.481 GC heap before
{Heap before GC invocations=717 (full 3):
 PSYoungGen      total 2048K, used 1724K [0x00000000eab00000, 0x00000000eae80000, 0x0000000100000000)
  eden space 1536K, 99% used [0x00000000eab00000,0x00000000eac7f3e0,0x00000000eac80000)
  from space 512K, 37% used [0x00000000ead80000,0x00000000eadb0000,0x00000000eae00000)
  to   space 512K, 0% used [0x00000000eae00000,0x00000000eae00000,0x00000000eae80000)
 ParOldGen       total 437248K, used 437023K [0x00000000c0000000, 0x00000000dab00000, 0x00000000eab00000)
  object space 437248K, 99% used [0x00000000c0000000,0x00000000daac7c90,0x00000000dab00000)
 Metaspace       used 66563K, committed 68032K, reserved 1114112K
  class space    used 6920K, committed 7552K, reserved 1048576K
}
Event: 65.483 GC heap after
{Heap after GC invocations=717 (full 3):
 PSYoungGen      total 2048K, used 251K [0x00000000eab00000, 0x00000000eae80000, 0x0000000100000000)
  eden space 1536K, 0% used [0x00000000eab00000,0x00000000eab00000,0x00000000eac80000)
  from space 512K, 49% used [0x00000000eae00000,0x00000000eae3ec08,0x00000000eae80000)
  to   space 512K, 0% used [0x00000000ead80000,0x00000000ead80000,0x00000000eae00000)
 ParOldGen       total 437248K, used 437175K [0x00000000c0000000, 0x00000000dab00000, 0x00000000eab00000)
  object space 437248K, 99% used [0x00000000c0000000,0x00000000daaedc90,0x00000000dab00000)
 Metaspace       used 66563K, committed 68032K, reserved 1114112K
  class space    used 6920K, committed 7552K, reserved 1048576K
}
Event: 65.496 GC heap before
{Heap before GC invocations=718 (full 3):
 PSYoungGen      total 2048K, used 1777K [0x00000000eab00000, 0x00000000eae80000, 0x0000000100000000)
  eden space 1536K, 99% used [0x00000000eab00000,0x00000000eac7d9e8,0x00000000eac80000)
  from space 512K, 49% used [0x00000000eae00000,0x00000000eae3ec08,0x00000000eae80000)
  to   space 512K, 0% used [0x00000000ead80000,0x00000000ead80000,0x00000000eae00000)
 ParOldGen       total 437248K, used 437175K [0x00000000c0000000, 0x00000000dab00000, 0x00000000eab00000)
  object space 437248K, 99% used [0x00000000c0000000,0x00000000daaedc90,0x00000000dab00000)
 Metaspace       used 66563K, committed 68032K, reserved 1114112K
  class space    used 6920K, committed 7552K, reserved 1048576K
}
Event: 65.498 GC heap after
{Heap after GC invocations=718 (full 3):
 PSYoungGen      total 2048K, used 256K [0x00000000eab00000, 0x00000000eae80000, 0x0000000100000000)
  eden space 1536K, 0% used [0x00000000eab00000,0x00000000eab00000,0x00000000eac80000)
  from space 512K, 50% used [0x00000000ead80000,0x00000000eadc0000,0x00000000eae00000)
  to   space 512K, 0% used [0x00000000eae00000,0x00000000eae00000,0x00000000eae80000)
 ParOldGen       total 437760K, used 437370K [0x00000000c0000000, 0x00000000dab80000, 0x00000000eab00000)
  object space 437760K, 99% used [0x00000000c0000000,0x00000000dab1e898,0x00000000dab80000)
 Metaspace       used 66563K, committed 68032K, reserved 1114112K
  class space    used 6920K, committed 7552K, reserved 1048576K
}
Event: 65.510 GC heap before
{Heap before GC invocations=719 (full 3):
 PSYoungGen      total 2048K, used 1792K [0x00000000eab00000, 0x00000000eae80000, 0x0000000100000000)
  eden space 1536K, 100% used [0x00000000eab00000,0x00000000eac80000,0x00000000eac80000)
  from space 512K, 50% used [0x00000000ead80000,0x00000000eadc0000,0x00000000eae00000)
  to   space 512K, 0% used [0x00000000eae00000,0x00000000eae00000,0x00000000eae80000)
 ParOldGen       total 437760K, used 437370K [0x00000000c0000000, 0x00000000dab80000, 0x00000000eab00000)
  object space 437760K, 99% used [0x00000000c0000000,0x00000000dab1e898,0x00000000dab80000)
 Metaspace       used 66563K, committed 68032K, reserved 1114112K
  class space    used 6920K, committed 7552K, reserved 1048576K
}
Event: 65.512 GC heap after
{Heap after GC invocations=719 (full 3):
 PSYoungGen      total 2048K, used 224K [0x00000000eab00000, 0x00000000eae80000, 0x0000000100000000)
  eden space 1536K, 0% used [0x00000000eab00000,0x00000000eab00000,0x00000000eac80000)
  from space 512K, 43% used [0x00000000eae00000,0x00000000eae38000,0x00000000eae80000)
  to   space 512K, 0% used [0x00000000ead80000,0x00000000ead80000,0x00000000eae00000)
 ParOldGen       total 437760K, used 437538K [0x00000000c0000000, 0x00000000dab80000, 0x00000000eab00000)
  object space 437760K, 99% used [0x00000000c0000000,0x00000000dab48898,0x00000000dab80000)
 Metaspace       used 66563K, committed 68032K, reserved 1114112K
  class space    used 6920K, committed 7552K, reserved 1048576K
}
Event: 65.525 GC heap before
{Heap before GC invocations=720 (full 3):
 PSYoungGen      total 2048K, used 1760K [0x00000000eab00000, 0x00000000eae80000, 0x0000000100000000)
  eden space 1536K, 100% used [0x00000000eab00000,0x00000000eac80000,0x00000000eac80000)
  from space 512K, 43% used [0x00000000eae00000,0x00000000eae38000,0x00000000eae80000)
  to   space 512K, 0% used [0x00000000ead80000,0x00000000ead80000,0x00000000eae00000)
 ParOldGen       total 437760K, used 437538K [0x00000000c0000000, 0x00000000dab80000, 0x00000000eab00000)
  object space 437760K, 99% used [0x00000000c0000000,0x00000000dab48898,0x00000000dab80000)
 Metaspace       used 66563K, committed 68032K, reserved 1114112K
  class space    used 6920K, committed 7552K, reserved 1048576K
}
Event: 65.528 GC heap after
{Heap after GC invocations=720 (full 3):
 PSYoungGen      total 2048K, used 278K [0x00000000eab00000, 0x00000000eae80000, 0x0000000100000000)
  eden space 1536K, 0% used [0x00000000eab00000,0x00000000eab00000,0x00000000eac80000)
  from space 512K, 54% used [0x00000000ead80000,0x00000000eadc5808,0x00000000eae00000)
  to   space 512K, 0% used [0x00000000eae00000,0x00000000eae00000,0x00000000eae80000)
 ParOldGen       total 437760K, used 437714K [0x00000000c0000000, 0x00000000dab80000, 0x00000000eab00000)
  object space 437760K, 99% used [0x00000000c0000000,0x00000000dab74898,0x00000000dab80000)
 Metaspace       used 66563K, committed 68032K, reserved 1114112K
  class space    used 6920K, committed 7552K, reserved 1048576K
}

