# JRE version: OpenJDK Runtime Environment Temurin-21.0.5+11 (21.0.5+11) (build 21.0.5+11-LTS)
# Java VM: OpenJDK 64-Bit Server VM Temurin-21.0.5+11 (21.0.5+11-LTS, mixed mode, sharing, tiered, compressed oops, compressed class ptrs, parallel gc, windows-amd64)
GC Precious Log:
 CardTable entry size: 512
 CPUs: 4 total, 4 available
 Memory: 3858M
 Large Page Support: Disabled
 NUMA Support: Disabled
 Compressed Oops: Enabled (32-bit)
 Alignments: Space 512K, Generation 512K, Heap 2M
 Heap Min Capacity: 100M
 Heap Initial Capacity: 100M
 Heap Max Capacity: 1G
 Pre-touch: Disabled
 Parallel Workers: 4
Heap:
 PSYoungGen      total 2560K, used 745K [0x00000000eab00000, 0x00000000eae00000, 0x0000000100000000)
  eden space 2048K, 27% used [0x00000000eab00000,0x00000000eab8a5b8,0x00000000ead00000)
  from space 512K, 37% used [0x00000000ead80000,0x00000000eadb0000,0x00000000eae00000)
  to   space 512K, 0% used [0x00000000ead00000,0x00000000ead00000,0x00000000ead80000)
 ParOldGen       total 442368K, used 441985K [0x00000000c0000000, 0x00000000db000000, 0x00000000eab00000)
  object space 442368K, 99% used [0x00000000c0000000,0x00000000dafa0550,0x00000000db000000)
 Metaspace       used 66599K, committed 68160K, reserved 1114112K
  class space    used 6919K, committed 7616K, reserved 1048576K
GC Heap History (20 events):
Event: 66.055 GC heap before
{Heap before GC invocations=596 (full 3):
 PSYoungGen      total 2048K, used 1728K [0x00000000eab00000, 0x00000000ead80000, 0x0000000100000000)
  eden space 1536K, 100% used [0x00000000eab00000,0x00000000eac80000,0x00000000eac80000)
  from space 512K, 37% used [0x00000000ead00000,0x00000000ead30000,0x00000000ead80000)
  to   space 512K, 0% used [0x00000000eac80000,0x00000000eac80000,0x00000000ead00000)
 ParOldGen       total 438784K, used 438311K [0x00000000c0000000, 0x00000000dac80000, 0x00000000eab00000)
  object space 438784K, 99% used [0x00000000c0000000,0x00000000dac09d48,0x00000000dac80000)
 Metaspace       used 66598K, committed 68096K, reserved 1114112K
  class space    used 6919K, committed 7616K, reserved 1048576K
}
Event: 66.059 GC heap after
{Heap after GC invocations=596 (full 3):
 PSYoungGen      total 2048K, used 288K [0x00000000eab00000, 0x00000000eae00000, 0x0000000100000000)
  eden space 1536K, 0% used [0x00000000eab00000,0x00000000eab00000,0x00000000eac80000)
  from space 512K, 56% used [0x00000000eac80000,0x00000000eacc8000,0x00000000ead00000)
  to   space 512K, 0% used [0x00000000ead80000,0x00000000ead80000,0x00000000eae00000)
 ParOldGen       total 438784K, used 438406K [0x00000000c0000000, 0x00000000dac80000, 0x00000000eab00000)
  object space 438784K, 99% used [0x00000000c0000000,0x00000000dac219b8,0x00000000dac80000)
 Metaspace       used 66598K, committed 68096K, reserved 1114112K
  class space    used 6919K, committed 7616K, reserved 1048576K
}
Event: 66.086 GC heap before
{Heap before GC invocations=597 (full 3):
 PSYoungGen      total 2048K, used 1824K [0x00000000eab00000, 0x00000000eae00000, 0x0000000100000000)
  eden space 1536K, 100% used [0x00000000eab00000,0x00000000eac80000,0x00000000eac80000)
  from space 512K, 56% used [0x00000000eac80000,0x00000000eacc8000,0x00000000ead00000)
  to   space 512K, 0% used [0x00000000ead80000,0x00000000ead80000,0x00000000eae00000)
 ParOldGen       total 438784K, used 438406K [0x00000000c0000000, 0x00000000dac80000, 0x00000000eab00000)
  object space 438784K, 99% used [0x00000000c0000000,0x00000000dac219b8,0x00000000dac80000)
 Metaspace       used 66598K, committed 68160K, reserved 1114112K
  class space    used 6919K, committed 7616K, reserved 1048576K
}
Event: 66.091 GC heap after
{Heap after GC invocations=597 (full 3):
 PSYoungGen      total 2560K, used 255K [0x00000000eab00000, 0x00000000eae00000, 0x0000000100000000)
  eden space 2048K, 0% used [0x00000000eab00000,0x00000000eab00000,0x00000000ead00000)
  from space 512K, 49% used [0x00000000ead80000,0x00000000eadbff80,0x00000000eae00000)
  to   space 512K, 0% used [0x00000000ead00000,0x00000000ead00000,0x00000000ead80000)
 ParOldGen       total 438784K, used 438611K [0x00000000c0000000, 0x00000000dac80000, 0x00000000eab00000)
  object space 438784K, 99% used [0x00000000c0000000,0x00000000dac54fc0,0x00000000dac80000)
 Metaspace       used 66598K, committed 68160K, reserved 1114112K
  class space    used 6919K, committed 7616K, reserved 1048576K
}
Event: 66.170 GC heap before
{Heap before GC invocations=598 (full 3):
 PSYoungGen      total 2560K, used 2303K [0x00000000eab00000, 0x00000000eae00000, 0x0000000100000000)
  eden space 2048K, 100% used [0x00000000eab00000,0x00000000ead00000,0x00000000ead00000)
  from space 512K, 49% used [0x00000000ead80000,0x00000000eadbff80,0x00000000eae00000)
  to   space 512K, 0% used [0x00000000ead00000,0x00000000ead00000,0x00000000ead80000)
 ParOldGen       total 438784K, used 438611K [0x00000000c0000000, 0x00000000dac80000, 0x00000000eab00000)
  object space 438784K, 99% used [0x00000000c0000000,0x00000000dac54fc0,0x00000000dac80000)
 Metaspace       used 66598K, committed 68160K, reserved 1114112K
  class space    used 6919K, committed 7616K, reserved 1048576K
}
Event: 66.174 GC heap after
{Heap after GC invocations=598 (full 3):
 PSYoungGen      total 2560K, used 352K [0x00000000eab00000, 0x00000000eae00000, 0x0000000100000000)
  eden space 2048K, 0% used [0x00000000eab00000,0x00000000eab00000,0x00000000ead00000)
  from space 512K, 68% used [0x00000000ead00000,0x00000000ead58000,0x00000000ead80000)
  to   space 512K, 0% used [0x00000000ead80000,0x00000000ead80000,0x00000000eae00000)
 ParOldGen       total 439296K, used 438819K [0x00000000c0000000, 0x00000000dad00000, 0x00000000eab00000)
  object space 439296K, 99% used [0x00000000c0000000,0x00000000dac88f40,0x00000000dad00000)
 Metaspace       used 66598K, committed 68160K, reserved 1114112K
  class space    used 6919K, committed 7616K, reserved 1048576K
}
Event: 66.248 GC heap before
{Heap before GC invocations=599 (full 3):
 PSYoungGen      total 2560K, used 2400K [0x00000000eab00000, 0x00000000eae00000, 0x0000000100000000)
  eden space 2048K, 100% used [0x00000000eab00000,0x00000000ead00000,0x00000000ead00000)
  from space 512K, 68% used [0x00000000ead00000,0x00000000ead58000,0x00000000ead80000)
  to   space 512K, 0% used [0x00000000ead80000,0x00000000ead80000,0x00000000eae00000)
 ParOldGen       total 439296K, used 438819K [0x00000000c0000000, 0x00000000dad00000, 0x00000000eab00000)
  object space 439296K, 99% used [0x00000000c0000000,0x00000000dac88f40,0x00000000dad00000)
 Metaspace       used 66599K, committed 68160K, reserved 1114112K
  class space    used 6919K, committed 7616K, reserved 1048576K
}
Event: 66.250 GC heap after
{Heap after GC invocations=599 (full 3):
 PSYoungGen      total 2560K, used 352K [0x00000000eab00000, 0x00000000eae00000, 0x0000000100000000)
  eden space 2048K, 0% used [0x00000000eab00000,0x00000000eab00000,0x00000000ead00000)
  from space 512K, 68% used [0x00000000ead80000,0x00000000eadd8000,0x00000000eae00000)
  to   space 512K, 0% used [0x00000000ead00000,0x00000000ead00000,0x00000000ead80000)
 ParOldGen       total 439296K, used 439067K [0x00000000c0000000, 0x00000000dad00000, 0x00000000eab00000)
  object space 439296K, 99% used [0x00000000c0000000,0x00000000dacc6f40,0x00000000dad00000)
 Metaspace       used 66599K, committed 68160K, reserved 1114112K
  class space    used 6919K, committed 7616K, reserved 1048576K
}
Event: 66.264 GC heap before
{Heap before GC invocations=600 (full 3):
 PSYoungGen      total 2560K, used 2400K [0x00000000eab00000, 0x00000000eae00000, 0x0000000100000000)
  eden space 2048K, 100% used [0x00000000eab00000,0x00000000ead00000,0x00000000ead00000)
  from space 512K, 68% used [0x00000000ead80000,0x00000000eadd8000,0x00000000eae00000)
  to   space 512K, 0% used [0x00000000ead00000,0x00000000ead00000,0x00000000ead80000)
 ParOldGen       total 439296K, used 439067K [0x00000000c0000000, 0x00000000dad00000, 0x00000000eab00000)
  object space 439296K, 99% used [0x00000000c0000000,0x00000000dacc6f40,0x00000000dad00000)
 Metaspace       used 66599K, committed 68160K, reserved 1114112K
  class space    used 6919K, committed 7616K, reserved 1048576K
}
Event: 66.266 GC heap after
{Heap after GC invocations=600 (full 3):
 PSYoungGen      total 2560K, used 320K [0x00000000eab00000, 0x00000000eae00000, 0x0000000100000000)
  eden space 2048K, 0% used [0x00000000eab00000,0x00000000eab00000,0x00000000ead00000)
  from space 512K, 62% used [0x00000000ead00000,0x00000000ead50000,0x00000000ead80000)
  to   space 512K, 0% used [0x00000000ead80000,0x00000000ead80000,0x00000000eae00000)
 ParOldGen       total 439808K, used 439358K [0x00000000c0000000, 0x00000000dad80000, 0x00000000eab00000)
  object space 439808K, 99% used [0x00000000c0000000,0x00000000dad0fb48,0x00000000dad80000)
 Metaspace       used 66599K, committed 68160K, reserved 1114112K
  class space    used 6919K, committed 7616K, reserved 1048576K
}
Event: 66.278 GC heap before
{Heap before GC invocations=601 (full 3):
 PSYoungGen      total 2560K, used 2368K [0x00000000eab00000, 0x00000000eae00000, 0x0000000100000000)
  eden space 2048K, 100% used [0x00000000eab00000,0x00000000ead00000,0x00000000ead00000)
  from space 512K, 62% used [0x00000000ead00000,0x00000000ead50000,0x00000000ead80000)
  to   space 512K, 0% used [0x00000000ead80000,0x00000000ead80000,0x00000000eae00000)
 ParOldGen       total 439808K, used 439358K [0x00000000c0000000, 0x00000000dad80000, 0x00000000eab00000)
  object space 439808K, 99% used [0x00000000c0000000,0x00000000dad0fb48,0x00000000dad80000)
 Metaspace       used 66599K, committed 68160K, reserved 1114112K
  class space    used 6919K, committed 7616K, reserved 1048576K
}
Event: 66.281 GC heap after
{Heap after GC invocations=601 (full 3):
 PSYoungGen      total 2560K, used 288K [0x00000000eab00000, 0x00000000eae00000, 0x0000000100000000)
  eden space 2048K, 0% used [0x00000000eab00000,0x00000000eab00000,0x00000000ead00000)
  from space 512K, 56% used [0x00000000ead80000,0x00000000eadc8000,0x00000000eae00000)
  to   space 512K, 0% used [0x00000000ead00000,0x00000000ead00000,0x00000000ead80000)
 ParOldGen       total 439808K, used 439622K [0x00000000c0000000, 0x00000000dad80000, 0x00000000eab00000)
  object space 439808K, 99% used [0x00000000c0000000,0x00000000dad51b48,0x00000000dad80000)
 Metaspace       used 66599K, committed 68160K, reserved 1114112K
  class space    used 6919K, committed 7616K, reserved 1048576K
}
Event: 66.317 GC heap before
{Heap before GC invocations=602 (full 3):
 PSYoungGen      total 2560K, used 1819K [0x00000000eab00000, 0x00000000eae00000, 0x0000000100000000)
  eden space 2048K, 74% used [0x00000000eab00000,0x00000000eac7eee8,0x00000000ead00000)
  from space 512K, 56% used [0x00000000ead80000,0x00000000eadc8000,0x00000000eae00000)
  to   space 512K, 0% used [0x00000000ead00000,0x00000000ead00000,0x00000000ead80000)
 ParOldGen       total 439808K, used 439622K [0x00000000c0000000, 0x00000000dad80000, 0x00000000eab00000)
  object space 439808K, 99% used [0x00000000c0000000,0x00000000dad51b48,0x00000000dad80000)
 Metaspace       used 66599K, committed 68160K, reserved 1114112K
  class space    used 6919K, committed 7616K, reserved 1048576K
}
Event: 66.319 GC heap after
{Heap after GC invocations=602 (full 3):
 PSYoungGen      total 2560K, used 160K [0x00000000eab00000, 0x00000000eae00000, 0x0000000100000000)
  eden space 2048K, 0% used [0x00000000eab00000,0x00000000eab00000,0x00000000ead00000)
  from space 512K, 31% used [0x00000000ead00000,0x00000000ead28000,0x00000000ead80000)
  to   space 512K, 0% used [0x00000000ead80000,0x00000000ead80000,0x00000000eae00000)
 ParOldGen       total 440320K, used 439894K [0x00000000c0000000, 0x00000000dae00000, 0x00000000eab00000)
  object space 440320K, 99% used [0x00000000c0000000,0x00000000dad95b48,0x00000000dae00000)
 Metaspace       used 66599K, committed 68160K, reserved 1114112K
  class space    used 6919K, committed 7616K, reserved 1048576K
}
Event: 66.329 GC heap before
{Heap before GC invocations=603 (full 3):
 PSYoungGen      total 2560K, used 2207K [0x00000000eab00000, 0x00000000eae00000, 0x0000000100000000)
  eden space 2048K, 99% used [0x00000000eab00000,0x00000000eacffdd0,0x00000000ead00000)
  from space 512K, 31% used [0x00000000ead00000,0x00000000ead28000,0x00000000ead80000)
  to   space 512K, 0% used [0x00000000ead80000,0x00000000ead80000,0x00000000eae00000)
 ParOldGen       total 440320K, used 439894K [0x00000000c0000000, 0x00000000dae00000, 0x00000000eab00000)
  object space 440320K, 99% used [0x00000000c0000000,0x00000000dad95b48,0x00000000dae00000)
 Metaspace       used 66599K, committed 68160K, reserved 1114112K
  class space    used 6919K, committed 7616K, reserved 1048576K
}
Event: 66.332 GC heap after
{Heap after GC invocations=603 (full 3):
 PSYoungGen      total 2560K, used 258K [0x00000000eab00000, 0x00000000eae00000, 0x0000000100000000)
  eden space 2048K, 0% used [0x00000000eab00000,0x00000000eab00000,0x00000000ead00000)
  from space 512K, 50% used [0x00000000ead80000,0x00000000eadc0b28,0x00000000eae00000)
  to   space 512K, 0% used [0x00000000ead00000,0x00000000ead00000,0x00000000ead80000)
 ParOldGen       total 441344K, used 440628K [0x00000000c0000000, 0x00000000daf00000, 0x00000000eab00000)
  object space 441344K, 99% used [0x00000000c0000000,0x00000000dae4d378,0x00000000daf00000)
 Metaspace       used 66599K, committed 68160K, reserved 1114112K
  class space    used 6919K, committed 7616K, reserved 1048576K
}
Event: 66.345 GC heap before
{Heap before GC invocations=604 (full 3):
 PSYoungGen      total 2560K, used 2306K [0x00000000eab00000, 0x00000000eae00000, 0x0000000100000000)
  eden space 2048K, 100% used [0x00000000eab00000,0x00000000ead00000,0x00000000ead00000)
  from space 512K, 50% used [0x00000000ead80000,0x00000000eadc0b28,0x00000000eae00000)
  to   space 512K, 0% used [0x00000000ead00000,0x00000000ead00000,0x00000000ead80000)
 ParOldGen       total 441344K, used 440628K [0x00000000c0000000, 0x00000000daf00000, 0x00000000eab00000)
  object space 441344K, 99% used [0x00000000c0000000,0x00000000dae4d378,0x00000000daf00000)
 Metaspace       used 66599K, committed 68160K, reserved 1114112K
  class space    used 6919K, committed 7616K, reserved 1048576K
}
Event: 66.349 GC heap after
{Heap after GC invocations=604 (full 3):
 PSYoungGen      total 2560K, used 288K [0x00000000eab00000, 0x00000000eae00000, 0x0000000100000000)
  eden space 2048K, 0% used [0x00000000eab00000,0x00000000eab00000,0x00000000ead00000)
  from space 512K, 56% used [0x00000000ead00000,0x00000000ead48000,0x00000000ead80000)
  to   space 512K, 0% used [0x00000000ead80000,0x00000000ead80000,0x00000000eae00000)
 ParOldGen       total 441344K, used 440802K [0x00000000c0000000, 0x00000000daf00000, 0x00000000eab00000)
  object space 441344K, 99% used [0x00000000c0000000,0x00000000dae78b38,0x00000000daf00000)
 Metaspace       used 66599K, committed 68160K, reserved 1114112K
  class space    used 6919K, committed 7616K, reserved 1048576K
}
Event: 66.363 GC heap before
{Heap before GC invocations=605 (full 3):
 PSYoungGen      total 2560K, used 2336K [0x00000000eab00000, 0x00000000eae00000, 0x0000000100000000)
  eden space 2048K, 100% used [0x00000000eab00000,0x00000000ead00000,0x00000000ead00000)
  from space 512K, 56% used [0x00000000ead00000,0x00000000ead48000,0x00000000ead80000)
  to   space 512K, 0% used [0x00000000ead80000,0x00000000ead80000,0x00000000eae00000)
 ParOldGen       total 441344K, used 440802K [0x00000000c0000000, 0x00000000daf00000, 0x00000000eab00000)
  object space 441344K, 99% used [0x00000000c0000000,0x00000000dae78b38,0x00000000daf00000)
 Metaspace       used 66599K, committed 68160K, reserved 1114112K
  class space    used 6919K, committed 7616K, reserved 1048576K
}
Event: 66.365 GC heap after
{Heap after GC invocations=605 (full 3):
 PSYoungGen      total 2560K, used 288K [0x00000000eab00000, 0x00000000eae00000, 0x0000000100000000)
  eden space 2048K, 0% used [0x00000000eab00000,0x00000000eab00000,0x00000000ead00000)
  from space 512K, 56% used [0x00000000ead80000,0x00000000eadc8000,0x00000000eae00000)
  to   space 512K, 0% used [0x00000000ead00000,0x00000000ead00000,0x00000000ead80000)
 ParOldGen       total 441344K, used 441040K [0x00000000c0000000, 0x00000000daf00000, 0x00000000eab00000)
  object space 441344K, 99% used [0x00000000c0000000,0x00000000daeb4140,0x00000000daf00000)
 Metaspace       used 66599K, committed 68160K, reserved 1114112K
  class space    used 6919K, committed 7616K, reserved 1048576K
}

