# JRE version: OpenJDK Runtime Environment Temurin-21.0.5+11 (21.0.5+11) (build 21.0.5+11-LTS)
# Java VM: OpenJDK 64-Bit Server VM Temurin-21.0.5+11 (21.0.5+11-LTS, mixed mode, sharing, tiered, compressed oops, compressed class ptrs, parallel gc, windows-amd64)
GC Precious Log:
 CardTable entry size: 512
 CPUs: 4 total, 4 available
 Memory: 3858M
 Large Page Support: Disabled
 NUMA Support: Disabled
 Compressed Oops: Enabled (32-bit)
 Alignments: Space 512K, Generation 512K, Heap 2M
 Heap Min Capacity: 100M
 Heap Initial Capacity: 100M
 Heap Max Capacity: 1G
 Pre-touch: Disabled
 Parallel Workers: 4
Heap:
 PSYoungGen      total 3072K, used 2848K [0x00000000eab00000, 0x00000000eae80000, 0x0000000100000000)
  eden space 2560K, 100% used [0x00000000eab00000,0x00000000ead80000,0x00000000ead80000)
  from space 512K, 56% used [0x00000000ead80000,0x00000000eadc8000,0x00000000eae00000)
  to   space 512K, 0% used [0x00000000eae00000,0x00000000eae00000,0x00000000eae80000)
 ParOldGen       total 489984K, used 489841K [0x00000000c0000000, 0x00000000dde80000, 0x00000000eab00000)
  object space 489984K, 99% used [0x00000000c0000000,0x00000000dde5c640,0x00000000dde80000)
 Metaspace       used 59834K, committed 61312K, reserved 1114112K
  class space    used 6166K, committed 6784K, reserved 1048576K
GC Heap History (20 events):
Event: 46.996 GC heap before
{Heap before GC invocations=828 (full 3):
 PSYoungGen      total 3072K, used 2944K [0x00000000eab00000, 0x00000000eae80000, 0x0000000100000000)
  eden space 2560K, 100% used [0x00000000eab00000,0x00000000ead80000,0x00000000ead80000)
  from space 512K, 75% used [0x00000000eae00000,0x00000000eae60000,0x00000000eae80000)
  to   space 512K, 0% used [0x00000000ead80000,0x00000000ead80000,0x00000000eae00000)
 ParOldGen       total 486400K, used 486367K [0x00000000c0000000, 0x00000000ddb00000, 0x00000000eab00000)
  object space 486400K, 99% used [0x00000000c0000000,0x00000000ddaf7c18,0x00000000ddb00000)
 Metaspace       used 59833K, committed 61312K, reserved 1114112K
  class space    used 6166K, committed 6784K, reserved 1048576K
}
Event: 46.999 GC heap after
{Heap after GC invocations=828 (full 3):
 PSYoungGen      total 3072K, used 256K [0x00000000eab00000, 0x00000000eae80000, 0x0000000100000000)
  eden space 2560K, 0% used [0x00000000eab00000,0x00000000eab00000,0x00000000ead80000)
  from space 512K, 50% used [0x00000000ead80000,0x00000000eadc0000,0x00000000eae00000)
  to   space 512K, 0% used [0x00000000eae00000,0x00000000eae00000,0x00000000eae80000)
 ParOldGen       total 486912K, used 486698K [0x00000000c0000000, 0x00000000ddb80000, 0x00000000eab00000)
  object space 486912K, 99% used [0x00000000c0000000,0x00000000ddb4a820,0x00000000ddb80000)
 Metaspace       used 59833K, committed 61312K, reserved 1114112K
  class space    used 6166K, committed 6784K, reserved 1048576K
}
Event: 47.014 GC heap before
{Heap before GC invocations=829 (full 3):
 PSYoungGen      total 3072K, used 2816K [0x00000000eab00000, 0x00000000eae80000, 0x0000000100000000)
  eden space 2560K, 100% used [0x00000000eab00000,0x00000000ead80000,0x00000000ead80000)
  from space 512K, 50% used [0x00000000ead80000,0x00000000eadc0000,0x00000000eae00000)
  to   space 512K, 0% used [0x00000000eae00000,0x00000000eae00000,0x00000000eae80000)
 ParOldGen       total 486912K, used 486698K [0x00000000c0000000, 0x00000000ddb80000, 0x00000000eab00000)
  object space 486912K, 99% used [0x00000000c0000000,0x00000000ddb4a820,0x00000000ddb80000)
 Metaspace       used 59833K, committed 61312K, reserved 1114112K
  class space    used 6166K, committed 6784K, reserved 1048576K
}
Event: 47.017 GC heap after
{Heap after GC invocations=829 (full 3):
 PSYoungGen      total 3072K, used 342K [0x00000000eab00000, 0x00000000eae80000, 0x0000000100000000)
  eden space 2560K, 0% used [0x00000000eab00000,0x00000000eab00000,0x00000000ead80000)
  from space 512K, 66% used [0x00000000eae00000,0x00000000eae55808,0x00000000eae80000)
  to   space 512K, 0% used [0x00000000ead80000,0x00000000ead80000,0x00000000eae00000)
 ParOldGen       total 486912K, used 486890K [0x00000000c0000000, 0x00000000ddb80000, 0x00000000eab00000)
  object space 486912K, 99% used [0x00000000c0000000,0x00000000ddb7a820,0x00000000ddb80000)
 Metaspace       used 59833K, committed 61312K, reserved 1114112K
  class space    used 6166K, committed 6784K, reserved 1048576K
}
Event: 47.031 GC heap before
{Heap before GC invocations=830 (full 3):
 PSYoungGen      total 3072K, used 2902K [0x00000000eab00000, 0x00000000eae80000, 0x0000000100000000)
  eden space 2560K, 100% used [0x00000000eab00000,0x00000000ead80000,0x00000000ead80000)
  from space 512K, 66% used [0x00000000eae00000,0x00000000eae55808,0x00000000eae80000)
  to   space 512K, 0% used [0x00000000ead80000,0x00000000ead80000,0x00000000eae00000)
 ParOldGen       total 486912K, used 486890K [0x00000000c0000000, 0x00000000ddb80000, 0x00000000eab00000)
  object space 486912K, 99% used [0x00000000c0000000,0x00000000ddb7a820,0x00000000ddb80000)
 Metaspace       used 59833K, committed 61312K, reserved 1114112K
  class space    used 6166K, committed 6784K, reserved 1048576K
}
Event: 47.035 GC heap after
{Heap after GC invocations=830 (full 3):
 PSYoungGen      total 3072K, used 288K [0x00000000eab00000, 0x00000000eae80000, 0x0000000100000000)
  eden space 2560K, 0% used [0x00000000eab00000,0x00000000eab00000,0x00000000ead80000)
  from space 512K, 56% used [0x00000000ead80000,0x00000000eadc8000,0x00000000eae00000)
  to   space 512K, 0% used [0x00000000eae00000,0x00000000eae00000,0x00000000eae80000)
 ParOldGen       total 487424K, used 487152K [0x00000000c0000000, 0x00000000ddc00000, 0x00000000eab00000)
  object space 487424K, 99% used [0x00000000c0000000,0x00000000ddbbc028,0x00000000ddc00000)
 Metaspace       used 59833K, committed 61312K, reserved 1114112K
  class space    used 6166K, committed 6784K, reserved 1048576K
}
Event: 47.051 GC heap before
{Heap before GC invocations=831 (full 3):
 PSYoungGen      total 3072K, used 2848K [0x00000000eab00000, 0x00000000eae80000, 0x0000000100000000)
  eden space 2560K, 100% used [0x00000000eab00000,0x00000000ead80000,0x00000000ead80000)
  from space 512K, 56% used [0x00000000ead80000,0x00000000eadc8000,0x00000000eae00000)
  to   space 512K, 0% used [0x00000000eae00000,0x00000000eae00000,0x00000000eae80000)
 ParOldGen       total 487424K, used 487152K [0x00000000c0000000, 0x00000000ddc00000, 0x00000000eab00000)
  object space 487424K, 99% used [0x00000000c0000000,0x00000000ddbbc028,0x00000000ddc00000)
 Metaspace       used 59833K, committed 61312K, reserved 1114112K
  class space    used 6166K, committed 6784K, reserved 1048576K
}
Event: 47.053 GC heap after
{Heap after GC invocations=831 (full 3):
 PSYoungGen      total 3072K, used 430K [0x00000000eab00000, 0x00000000eae80000, 0x0000000100000000)
  eden space 2560K, 0% used [0x00000000eab00000,0x00000000eab00000,0x00000000ead80000)
  from space 512K, 84% used [0x00000000eae00000,0x00000000eae6ba80,0x00000000eae80000)
  to   space 512K, 0% used [0x00000000ead80000,0x00000000ead80000,0x00000000eae00000)
 ParOldGen       total 487424K, used 487376K [0x00000000c0000000, 0x00000000ddc00000, 0x00000000eab00000)
  object space 487424K, 99% used [0x00000000c0000000,0x00000000ddbf4028,0x00000000ddc00000)
 Metaspace       used 59833K, committed 61312K, reserved 1114112K
  class space    used 6166K, committed 6784K, reserved 1048576K
}
Event: 47.071 GC heap before
{Heap before GC invocations=832 (full 3):
 PSYoungGen      total 3072K, used 2990K [0x00000000eab00000, 0x00000000eae80000, 0x0000000100000000)
  eden space 2560K, 100% used [0x00000000eab00000,0x00000000ead80000,0x00000000ead80000)
  from space 512K, 84% used [0x00000000eae00000,0x00000000eae6ba80,0x00000000eae80000)
  to   space 512K, 0% used [0x00000000ead80000,0x00000000ead80000,0x00000000eae00000)
 ParOldGen       total 487424K, used 487376K [0x00000000c0000000, 0x00000000ddc00000, 0x00000000eab00000)
  object space 487424K, 99% used [0x00000000c0000000,0x00000000ddbf4028,0x00000000ddc00000)
 Metaspace       used 59833K, committed 61312K, reserved 1114112K
  class space    used 6166K, committed 6784K, reserved 1048576K
}
Event: 47.074 GC heap after
{Heap after GC invocations=832 (full 3):
 PSYoungGen      total 3072K, used 416K [0x00000000eab00000, 0x00000000eae80000, 0x0000000100000000)
  eden space 2560K, 0% used [0x00000000eab00000,0x00000000eab00000,0x00000000ead80000)
  from space 512K, 81% used [0x00000000ead80000,0x00000000eade8000,0x00000000eae00000)
  to   space 512K, 0% used [0x00000000eae00000,0x00000000eae00000,0x00000000eae80000)
 ParOldGen       total 487936K, used 487648K [0x00000000c0000000, 0x00000000ddc80000, 0x00000000eab00000)
  object space 487936K, 99% used [0x00000000c0000000,0x00000000ddc38028,0x00000000ddc80000)
 Metaspace       used 59833K, committed 61312K, reserved 1114112K
  class space    used 6166K, committed 6784K, reserved 1048576K
}
Event: 47.090 GC heap before
{Heap before GC invocations=833 (full 3):
 PSYoungGen      total 3072K, used 2976K [0x00000000eab00000, 0x00000000eae80000, 0x0000000100000000)
  eden space 2560K, 100% used [0x00000000eab00000,0x00000000ead80000,0x00000000ead80000)
  from space 512K, 81% used [0x00000000ead80000,0x00000000eade8000,0x00000000eae00000)
  to   space 512K, 0% used [0x00000000eae00000,0x00000000eae00000,0x00000000eae80000)
 ParOldGen       total 487936K, used 487648K [0x00000000c0000000, 0x00000000ddc80000, 0x00000000eab00000)
  object space 487936K, 99% used [0x00000000c0000000,0x00000000ddc38028,0x00000000ddc80000)
 Metaspace       used 59833K, committed 61312K, reserved 1114112K
  class space    used 6166K, committed 6784K, reserved 1048576K
}
Event: 47.092 GC heap after
{Heap after GC invocations=833 (full 3):
 PSYoungGen      total 3072K, used 288K [0x00000000eab00000, 0x00000000eae80000, 0x0000000100000000)
  eden space 2560K, 0% used [0x00000000eab00000,0x00000000eab00000,0x00000000ead80000)
  from space 512K, 56% used [0x00000000eae00000,0x00000000eae48000,0x00000000eae80000)
  to   space 512K, 0% used [0x00000000ead80000,0x00000000ead80000,0x00000000eae00000)
 ParOldGen       total 488448K, used 487968K [0x00000000c0000000, 0x00000000ddd00000, 0x00000000eab00000)
  object space 488448K, 99% used [0x00000000c0000000,0x00000000ddc88028,0x00000000ddd00000)
 Metaspace       used 59833K, committed 61312K, reserved 1114112K
  class space    used 6166K, committed 6784K, reserved 1048576K
}
Event: 47.108 GC heap before
{Heap before GC invocations=834 (full 3):
 PSYoungGen      total 3072K, used 2848K [0x00000000eab00000, 0x00000000eae80000, 0x0000000100000000)
  eden space 2560K, 100% used [0x00000000eab00000,0x00000000ead80000,0x00000000ead80000)
  from space 512K, 56% used [0x00000000eae00000,0x00000000eae48000,0x00000000eae80000)
  to   space 512K, 0% used [0x00000000ead80000,0x00000000ead80000,0x00000000eae00000)
 ParOldGen       total 488448K, used 487968K [0x00000000c0000000, 0x00000000ddd00000, 0x00000000eab00000)
  object space 488448K, 99% used [0x00000000c0000000,0x00000000ddc88028,0x00000000ddd00000)
 Metaspace       used 59833K, committed 61312K, reserved 1114112K
  class space    used 6166K, committed 6784K, reserved 1048576K
}
Event: 47.110 GC heap after
{Heap after GC invocations=834 (full 3):
 PSYoungGen      total 3072K, used 364K [0x00000000eab00000, 0x00000000eae80000, 0x0000000100000000)
  eden space 2560K, 0% used [0x00000000eab00000,0x00000000eab00000,0x00000000ead80000)
  from space 512K, 71% used [0x00000000ead80000,0x00000000eaddb008,0x00000000eae00000)
  to   space 512K, 0% used [0x00000000eae00000,0x00000000eae00000,0x00000000eae80000)
 ParOldGen       total 488448K, used 488208K [0x00000000c0000000, 0x00000000ddd00000, 0x00000000eab00000)
  object space 488448K, 99% used [0x00000000c0000000,0x00000000ddcc4028,0x00000000ddd00000)
 Metaspace       used 59833K, committed 61312K, reserved 1114112K
  class space    used 6166K, committed 6784K, reserved 1048576K
}
Event: 47.128 GC heap before
{Heap before GC invocations=835 (full 3):
 PSYoungGen      total 3072K, used 2924K [0x00000000eab00000, 0x00000000eae80000, 0x0000000100000000)
  eden space 2560K, 100% used [0x00000000eab00000,0x00000000ead80000,0x00000000ead80000)
  from space 512K, 71% used [0x00000000ead80000,0x00000000eaddb008,0x00000000eae00000)
  to   space 512K, 0% used [0x00000000eae00000,0x00000000eae00000,0x00000000eae80000)
 ParOldGen       total 488448K, used 488208K [0x00000000c0000000, 0x00000000ddd00000, 0x00000000eab00000)
  object space 488448K, 99% used [0x00000000c0000000,0x00000000ddcc4028,0x00000000ddd00000)
 Metaspace       used 59834K, committed 61312K, reserved 1114112K
  class space    used 6166K, committed 6784K, reserved 1048576K
}
Event: 47.131 GC heap after
{Heap after GC invocations=835 (full 3):
 PSYoungGen      total 3072K, used 320K [0x00000000eab00000, 0x00000000eae80000, 0x0000000100000000)
  eden space 2560K, 0% used [0x00000000eab00000,0x00000000eab00000,0x00000000ead80000)
  from space 512K, 62% used [0x00000000eae00000,0x00000000eae50000,0x00000000eae80000)
  to   space 512K, 0% used [0x00000000ead80000,0x00000000ead80000,0x00000000eae00000)
 ParOldGen       total 488960K, used 488548K [0x00000000c0000000, 0x00000000ddd80000, 0x00000000eab00000)
  object space 488960K, 99% used [0x00000000c0000000,0x00000000ddd19030,0x00000000ddd80000)
 Metaspace       used 59834K, committed 61312K, reserved 1114112K
  class space    used 6166K, committed 6784K, reserved 1048576K
}
Event: 47.146 GC heap before
{Heap before GC invocations=836 (full 3):
 PSYoungGen      total 3072K, used 2879K [0x00000000eab00000, 0x00000000eae80000, 0x0000000100000000)
  eden space 2560K, 99% used [0x00000000eab00000,0x00000000ead7fc40,0x00000000ead80000)
  from space 512K, 62% used [0x00000000eae00000,0x00000000eae50000,0x00000000eae80000)
  to   space 512K, 0% used [0x00000000ead80000,0x00000000ead80000,0x00000000eae00000)
 ParOldGen       total 488960K, used 488548K [0x00000000c0000000, 0x00000000ddd80000, 0x00000000eab00000)
  object space 488960K, 99% used [0x00000000c0000000,0x00000000ddd19030,0x00000000ddd80000)
 Metaspace       used 59834K, committed 61312K, reserved 1114112K
  class space    used 6166K, committed 6784K, reserved 1048576K
}
Event: 47.150 GC heap after
{Heap after GC invocations=836 (full 3):
 PSYoungGen      total 3072K, used 320K [0x00000000eab00000, 0x00000000eae80000, 0x0000000100000000)
  eden space 2560K, 0% used [0x00000000eab00000,0x00000000eab00000,0x00000000ead80000)
  from space 512K, 62% used [0x00000000ead80000,0x00000000eadd0000,0x00000000eae00000)
  to   space 512K, 0% used [0x00000000eae00000,0x00000000eae00000,0x00000000eae80000)
 ParOldGen       total 488960K, used 488809K [0x00000000c0000000, 0x00000000ddd80000, 0x00000000eab00000)
  object space 488960K, 99% used [0x00000000c0000000,0x00000000ddd5a640,0x00000000ddd80000)
 Metaspace       used 59834K, committed 61312K, reserved 1114112K
  class space    used 6166K, committed 6784K, reserved 1048576K
}
Event: 47.165 GC heap before
{Heap before GC invocations=837 (full 3):
 PSYoungGen      total 3072K, used 2880K [0x00000000eab00000, 0x00000000eae80000, 0x0000000100000000)
  eden space 2560K, 100% used [0x00000000eab00000,0x00000000ead80000,0x00000000ead80000)
  from space 512K, 62% used [0x00000000ead80000,0x00000000eadd0000,0x00000000eae00000)
  to   space 512K, 0% used [0x00000000eae00000,0x00000000eae00000,0x00000000eae80000)
 ParOldGen       total 488960K, used 488809K [0x00000000c0000000, 0x00000000ddd80000, 0x00000000eab00000)
  object space 488960K, 99% used [0x00000000c0000000,0x00000000ddd5a640,0x00000000ddd80000)
 Metaspace       used 59834K, committed 61312K, reserved 1114112K
  class space    used 6166K, committed 6784K, reserved 1048576K
}
Event: 47.168 GC heap after
{Heap after GC invocations=837 (full 3):
 PSYoungGen      total 3072K, used 288K [0x00000000eab00000, 0x00000000eae80000, 0x0000000100000000)
  eden space 2560K, 0% used [0x00000000eab00000,0x00000000eab00000,0x00000000ead80000)
  from space 512K, 56% used [0x00000000eae00000,0x00000000eae48000,0x00000000eae80000)
  to   space 512K, 0% used [0x00000000ead80000,0x00000000ead80000,0x00000000eae00000)
 ParOldGen       total 489472K, used 489057K [0x00000000c0000000, 0x00000000dde00000, 0x00000000eab00000)
  object space 489472K, 99% used [0x00000000c0000000,0x00000000ddd98640,0x00000000dde00000)
 Metaspace       used 59834K, committed 61312K, reserved 1114112K
  class space    used 6166K, committed 6784K, reserved 1048576K
}

