# JRE version: OpenJDK Runtime Environment Temurin-21.0.5+11 (21.0.5+11) (build 21.0.5+11-LTS)
# Java VM: OpenJDK 64-Bit Server VM Temurin-21.0.5+11 (21.0.5+11-LTS, mixed mode, sharing, tiered, compressed oops, compressed class ptrs, parallel gc, windows-amd64)
GC Precious Log:
 CardTable entry size: 512
 CPUs: 4 total, 4 available
 Memory: 3858M
 Large Page Support: Disabled
 NUMA Support: Disabled
 Compressed Oops: Enabled (32-bit)
 Alignments: Space 512K, Generation 512K, Heap 2M
 Heap Min Capacity: 100M
 Heap Initial Capacity: 100M
 Heap Max Capacity: 1G
 Pre-touch: Disabled
 Parallel Workers: 4
Heap:
 PSYoungGen      total 2048K, used 504K [0x00000000eab00000, 0x00000000eae00000, 0x0000000100000000)
  eden space 1536K, 26% used [0x00000000eab00000,0x00000000eab66ea8,0x00000000eac80000)
  from space 512K, 18% used [0x00000000ead00000,0x00000000ead18000,0x00000000ead80000)
  to   space 512K, 0% used [0x00000000ead80000,0x00000000ead80000,0x00000000eae00000)
 ParOldGen       total 424960K, used 424857K [0x00000000c0000000, 0x00000000d9f00000, 0x00000000eab00000)
  object space 424960K, 99% used [0x00000000c0000000,0x00000000d9ee6770,0x00000000d9f00000)
 Metaspace       used 66553K, committed 67968K, reserved 1114112K
  class space    used 6911K, committed 7488K, reserved 1048576K
GC Heap History (20 events):
Event: 128.690 GC heap before
{Heap before GC invocations=564 (full 3):
 PSYoungGen      total 2048K, used 1851K [0x00000000eab00000, 0x00000000eae00000, 0x0000000100000000)
  eden space 1536K, 100% used [0x00000000eab00000,0x00000000eac80000,0x00000000eac80000)
  from space 512K, 61% used [0x00000000ead80000,0x00000000eadcec08,0x00000000eae00000)
  to   space 512K, 0% used [0x00000000ead00000,0x00000000ead00000,0x00000000ead80000)
 ParOldGen       total 421888K, used 421597K [0x00000000c0000000, 0x00000000d9c00000, 0x00000000eab00000)
  object space 421888K, 99% used [0x00000000c0000000,0x00000000d9bb7700,0x00000000d9c00000)
 Metaspace       used 66528K, committed 67968K, reserved 1114112K
  class space    used 6910K, committed 7488K, reserved 1048576K
}
Event: 128.697 GC heap after
{Heap after GC invocations=564 (full 3):
 PSYoungGen      total 2048K, used 224K [0x00000000eab00000, 0x00000000eae00000, 0x0000000100000000)
  eden space 1536K, 0% used [0x00000000eab00000,0x00000000eab00000,0x00000000eac80000)
  from space 512K, 43% used [0x00000000ead00000,0x00000000ead38000,0x00000000ead80000)
  to   space 512K, 0% used [0x00000000ead80000,0x00000000ead80000,0x00000000eae00000)
 ParOldGen       total 421888K, used 421824K [0x00000000c0000000, 0x00000000d9c00000, 0x00000000eab00000)
  object space 421888K, 99% used [0x00000000c0000000,0x00000000d9bf0308,0x00000000d9c00000)
 Metaspace       used 66528K, committed 67968K, reserved 1114112K
  class space    used 6910K, committed 7488K, reserved 1048576K
}
Event: 128.748 GC heap before
{Heap before GC invocations=565 (full 3):
 PSYoungGen      total 2048K, used 1760K [0x00000000eab00000, 0x00000000eae00000, 0x0000000100000000)
  eden space 1536K, 100% used [0x00000000eab00000,0x00000000eac80000,0x00000000eac80000)
  from space 512K, 43% used [0x00000000ead00000,0x00000000ead38000,0x00000000ead80000)
  to   space 512K, 0% used [0x00000000ead80000,0x00000000ead80000,0x00000000eae00000)
 ParOldGen       total 421888K, used 421824K [0x00000000c0000000, 0x00000000d9c00000, 0x00000000eab00000)
  object space 421888K, 99% used [0x00000000c0000000,0x00000000d9bf0308,0x00000000d9c00000)
 Metaspace       used 66528K, committed 67968K, reserved 1114112K
  class space    used 6910K, committed 7488K, reserved 1048576K
}
Event: 128.752 GC heap after
{Heap after GC invocations=565 (full 3):
 PSYoungGen      total 2048K, used 256K [0x00000000eab00000, 0x00000000eae00000, 0x0000000100000000)
  eden space 1536K, 0% used [0x00000000eab00000,0x00000000eab00000,0x00000000eac80000)
  from space 512K, 50% used [0x00000000ead80000,0x00000000eadc0000,0x00000000eae00000)
  to   space 512K, 0% used [0x00000000ead00000,0x00000000ead00000,0x00000000ead80000)
 ParOldGen       total 422400K, used 421975K [0x00000000c0000000, 0x00000000d9c80000, 0x00000000eab00000)
  object space 422400K, 99% used [0x00000000c0000000,0x00000000d9c15f78,0x00000000d9c80000)
 Metaspace       used 66528K, committed 67968K, reserved 1114112K
  class space    used 6910K, committed 7488K, reserved 1048576K
}
Event: 128.818 GC heap before
{Heap before GC invocations=566 (full 3):
 PSYoungGen      total 2048K, used 1792K [0x00000000eab00000, 0x00000000eae00000, 0x0000000100000000)
  eden space 1536K, 100% used [0x00000000eab00000,0x00000000eac80000,0x00000000eac80000)
  from space 512K, 50% used [0x00000000ead80000,0x00000000eadc0000,0x00000000eae00000)
  to   space 512K, 0% used [0x00000000ead00000,0x00000000ead00000,0x00000000ead80000)
 ParOldGen       total 422400K, used 421975K [0x00000000c0000000, 0x00000000d9c80000, 0x00000000eab00000)
  object space 422400K, 99% used [0x00000000c0000000,0x00000000d9c15f78,0x00000000d9c80000)
 Metaspace       used 66528K, committed 67968K, reserved 1114112K
  class space    used 6910K, committed 7488K, reserved 1048576K
}
Event: 128.822 GC heap after
{Heap after GC invocations=566 (full 3):
 PSYoungGen      total 2048K, used 223K [0x00000000eab00000, 0x00000000eae00000, 0x0000000100000000)
  eden space 1536K, 0% used [0x00000000eab00000,0x00000000eab00000,0x00000000eac80000)
  from space 512K, 43% used [0x00000000ead00000,0x00000000ead37f80,0x00000000ead80000)
  to   space 512K, 0% used [0x00000000ead80000,0x00000000ead80000,0x00000000eae00000)
 ParOldGen       total 422400K, used 422189K [0x00000000c0000000, 0x00000000d9c80000, 0x00000000eab00000)
  object space 422400K, 99% used [0x00000000c0000000,0x00000000d9c4b580,0x00000000d9c80000)
 Metaspace       used 66528K, committed 67968K, reserved 1114112K
  class space    used 6910K, committed 7488K, reserved 1048576K
}
Event: 128.854 GC heap before
{Heap before GC invocations=567 (full 3):
 PSYoungGen      total 2048K, used 1759K [0x00000000eab00000, 0x00000000eae00000, 0x0000000100000000)
  eden space 1536K, 100% used [0x00000000eab00000,0x00000000eac80000,0x00000000eac80000)
  from space 512K, 43% used [0x00000000ead00000,0x00000000ead37f80,0x00000000ead80000)
  to   space 512K, 0% used [0x00000000ead80000,0x00000000ead80000,0x00000000eae00000)
 ParOldGen       total 422400K, used 422189K [0x00000000c0000000, 0x00000000d9c80000, 0x00000000eab00000)
  object space 422400K, 99% used [0x00000000c0000000,0x00000000d9c4b580,0x00000000d9c80000)
 Metaspace       used 66528K, committed 67968K, reserved 1114112K
  class space    used 6910K, committed 7488K, reserved 1048576K
}
Event: 128.857 GC heap after
{Heap after GC invocations=567 (full 3):
 PSYoungGen      total 2048K, used 256K [0x00000000eab00000, 0x00000000eae00000, 0x0000000100000000)
  eden space 1536K, 0% used [0x00000000eab00000,0x00000000eab00000,0x00000000eac80000)
  from space 512K, 50% used [0x00000000ead80000,0x00000000eadc0000,0x00000000eae00000)
  to   space 512K, 0% used [0x00000000ead00000,0x00000000ead00000,0x00000000ead80000)
 ParOldGen       total 422400K, used 422397K [0x00000000c0000000, 0x00000000d9c80000, 0x00000000eab00000)
  object space 422400K, 99% used [0x00000000c0000000,0x00000000d9c7f500,0x00000000d9c80000)
 Metaspace       used 66528K, committed 67968K, reserved 1114112K
  class space    used 6910K, committed 7488K, reserved 1048576K
}
Event: 128.881 GC heap before
{Heap before GC invocations=568 (full 3):
 PSYoungGen      total 2048K, used 1792K [0x00000000eab00000, 0x00000000eae00000, 0x0000000100000000)
  eden space 1536K, 100% used [0x00000000eab00000,0x00000000eac80000,0x00000000eac80000)
  from space 512K, 50% used [0x00000000ead80000,0x00000000eadc0000,0x00000000eae00000)
  to   space 512K, 0% used [0x00000000ead00000,0x00000000ead00000,0x00000000ead80000)
 ParOldGen       total 422400K, used 422397K [0x00000000c0000000, 0x00000000d9c80000, 0x00000000eab00000)
  object space 422400K, 99% used [0x00000000c0000000,0x00000000d9c7f500,0x00000000d9c80000)
 Metaspace       used 66529K, committed 67968K, reserved 1114112K
  class space    used 6910K, committed 7488K, reserved 1048576K
}
Event: 128.885 GC heap after
{Heap after GC invocations=568 (full 3):
 PSYoungGen      total 2048K, used 288K [0x00000000eab00000, 0x00000000eae00000, 0x0000000100000000)
  eden space 1536K, 0% used [0x00000000eab00000,0x00000000eab00000,0x00000000eac80000)
  from space 512K, 56% used [0x00000000ead00000,0x00000000ead48000,0x00000000ead80000)
  to   space 512K, 0% used [0x00000000ead80000,0x00000000ead80000,0x00000000eae00000)
 ParOldGen       total 422912K, used 422602K [0x00000000c0000000, 0x00000000d9d00000, 0x00000000eab00000)
  object space 422912K, 99% used [0x00000000c0000000,0x00000000d9cb2b08,0x00000000d9d00000)
 Metaspace       used 66529K, committed 67968K, reserved 1114112K
  class space    used 6910K, committed 7488K, reserved 1048576K
}
Event: 128.903 GC heap before
{Heap before GC invocations=569 (full 3):
 PSYoungGen      total 2048K, used 1824K [0x00000000eab00000, 0x00000000eae00000, 0x0000000100000000)
  eden space 1536K, 100% used [0x00000000eab00000,0x00000000eac80000,0x00000000eac80000)
  from space 512K, 56% used [0x00000000ead00000,0x00000000ead48000,0x00000000ead80000)
  to   space 512K, 0% used [0x00000000ead80000,0x00000000ead80000,0x00000000eae00000)
 ParOldGen       total 422912K, used 422602K [0x00000000c0000000, 0x00000000d9d00000, 0x00000000eab00000)
  object space 422912K, 99% used [0x00000000c0000000,0x00000000d9cb2b08,0x00000000d9d00000)
 Metaspace       used 66529K, committed 67968K, reserved 1114112K
  class space    used 6910K, committed 7488K, reserved 1048576K
}
Event: 128.906 GC heap after
{Heap after GC invocations=569 (full 3):
 PSYoungGen      total 2048K, used 308K [0x00000000eab00000, 0x00000000eae00000, 0x0000000100000000)
  eden space 1536K, 0% used [0x00000000eab00000,0x00000000eab00000,0x00000000eac80000)
  from space 512K, 60% used [0x00000000ead80000,0x00000000eadcd0c0,0x00000000eae00000)
  to   space 512K, 0% used [0x00000000ead00000,0x00000000ead00000,0x00000000ead80000)
 ParOldGen       total 422912K, used 422810K [0x00000000c0000000, 0x00000000d9d00000, 0x00000000eab00000)
  object space 422912K, 99% used [0x00000000c0000000,0x00000000d9ce6b08,0x00000000d9d00000)
 Metaspace       used 66529K, committed 67968K, reserved 1114112K
  class space    used 6910K, committed 7488K, reserved 1048576K
}
Event: 128.922 GC heap before
{Heap before GC invocations=570 (full 3):
 PSYoungGen      total 2048K, used 1844K [0x00000000eab00000, 0x00000000eae00000, 0x0000000100000000)
  eden space 1536K, 100% used [0x00000000eab00000,0x00000000eac80000,0x00000000eac80000)
  from space 512K, 60% used [0x00000000ead80000,0x00000000eadcd0c0,0x00000000eae00000)
  to   space 512K, 0% used [0x00000000ead00000,0x00000000ead00000,0x00000000ead80000)
 ParOldGen       total 422912K, used 422810K [0x00000000c0000000, 0x00000000d9d00000, 0x00000000eab00000)
  object space 422912K, 99% used [0x00000000c0000000,0x00000000d9ce6b08,0x00000000d9d00000)
 Metaspace       used 66529K, committed 67968K, reserved 1114112K
  class space    used 6910K, committed 7488K, reserved 1048576K
}
Event: 128.928 GC heap after
{Heap after GC invocations=570 (full 3):
 PSYoungGen      total 2048K, used 224K [0x00000000eab00000, 0x00000000eae00000, 0x0000000100000000)
  eden space 1536K, 0% used [0x00000000eab00000,0x00000000eab00000,0x00000000eac80000)
  from space 512K, 43% used [0x00000000ead00000,0x00000000ead38000,0x00000000ead80000)
  to   space 512K, 0% used [0x00000000ead80000,0x00000000ead80000,0x00000000eae00000)
 ParOldGen       total 423424K, used 423037K [0x00000000c0000000, 0x00000000d9d80000, 0x00000000eab00000)
  object space 423424K, 99% used [0x00000000c0000000,0x00000000d9d1f710,0x00000000d9d80000)
 Metaspace       used 66529K, committed 67968K, reserved 1114112K
  class space    used 6910K, committed 7488K, reserved 1048576K
}
Event: 128.950 GC heap before
{Heap before GC invocations=571 (full 3):
 PSYoungGen      total 2048K, used 1760K [0x00000000eab00000, 0x00000000eae00000, 0x0000000100000000)
  eden space 1536K, 100% used [0x00000000eab00000,0x00000000eac80000,0x00000000eac80000)
  from space 512K, 43% used [0x00000000ead00000,0x00000000ead38000,0x00000000ead80000)
  to   space 512K, 0% used [0x00000000ead80000,0x00000000ead80000,0x00000000eae00000)
 ParOldGen       total 423424K, used 423037K [0x00000000c0000000, 0x00000000d9d80000, 0x00000000eab00000)
  object space 423424K, 99% used [0x00000000c0000000,0x00000000d9d1f710,0x00000000d9d80000)
 Metaspace       used 66529K, committed 67968K, reserved 1114112K
  class space    used 6910K, committed 7488K, reserved 1048576K
}
Event: 128.954 GC heap after
{Heap after GC invocations=571 (full 3):
 PSYoungGen      total 2048K, used 224K [0x00000000eab00000, 0x00000000eae00000, 0x0000000100000000)
  eden space 1536K, 0% used [0x00000000eab00000,0x00000000eab00000,0x00000000eac80000)
  from space 512K, 43% used [0x00000000ead80000,0x00000000eadb8000,0x00000000eae00000)
  to   space 512K, 0% used [0x00000000ead00000,0x00000000ead00000,0x00000000ead80000)
 ParOldGen       total 423424K, used 423237K [0x00000000c0000000, 0x00000000d9d80000, 0x00000000eab00000)
  object space 423424K, 99% used [0x00000000c0000000,0x00000000d9d51710,0x00000000d9d80000)
 Metaspace       used 66529K, committed 67968K, reserved 1114112K
  class space    used 6910K, committed 7488K, reserved 1048576K
}
Event: 128.976 GC heap before
{Heap before GC invocations=572 (full 3):
 PSYoungGen      total 2048K, used 1760K [0x00000000eab00000, 0x00000000eae00000, 0x0000000100000000)
  eden space 1536K, 100% used [0x00000000eab00000,0x00000000eac80000,0x00000000eac80000)
  from space 512K, 43% used [0x00000000ead80000,0x00000000eadb8000,0x00000000eae00000)
  to   space 512K, 0% used [0x00000000ead00000,0x00000000ead00000,0x00000000ead80000)
 ParOldGen       total 423424K, used 423237K [0x00000000c0000000, 0x00000000d9d80000, 0x00000000eab00000)
  object space 423424K, 99% used [0x00000000c0000000,0x00000000d9d51710,0x00000000d9d80000)
 Metaspace       used 66529K, committed 67968K, reserved 1114112K
  class space    used 6910K, committed 7488K, reserved 1048576K
}
Event: 128.981 GC heap after
{Heap after GC invocations=572 (full 3):
 PSYoungGen      total 2048K, used 288K [0x00000000eab00000, 0x00000000eae00000, 0x0000000100000000)
  eden space 1536K, 0% used [0x00000000eab00000,0x00000000eab00000,0x00000000eac80000)
  from space 512K, 56% used [0x00000000ead00000,0x00000000ead48000,0x00000000ead80000)
  to   space 512K, 0% used [0x00000000ead80000,0x00000000ead80000,0x00000000eae00000)
 ParOldGen       total 423936K, used 423445K [0x00000000c0000000, 0x00000000d9e00000, 0x00000000eab00000)
  object space 423936K, 99% used [0x00000000c0000000,0x00000000d9d85710,0x00000000d9e00000)
 Metaspace       used 66529K, committed 67968K, reserved 1114112K
  class space    used 6910K, committed 7488K, reserved 1048576K
}
Event: 129.026 GC heap before
{Heap before GC invocations=573 (full 3):
 PSYoungGen      total 2048K, used 1824K [0x00000000eab00000, 0x00000000eae00000, 0x0000000100000000)
  eden space 1536K, 100% used [0x00000000eab00000,0x00000000eac80000,0x00000000eac80000)
  from space 512K, 56% used [0x00000000ead00000,0x00000000ead48000,0x00000000ead80000)
  to   space 512K, 0% used [0x00000000ead80000,0x00000000ead80000,0x00000000eae00000)
 ParOldGen       total 423936K, used 423445K [0x00000000c0000000, 0x00000000d9e00000, 0x00000000eab00000)
  object space 423936K, 99% used [0x00000000c0000000,0x00000000d9d85710,0x00000000d9e00000)
 Metaspace       used 66529K, committed 67968K, reserved 1114112K
  class space    used 6910K, committed 7488K, reserved 1048576K
}
Event: 129.035 GC heap after
{Heap after GC invocations=573 (full 3):
 PSYoungGen      total 2048K, used 194K [0x00000000eab00000, 0x00000000eae00000, 0x0000000100000000)
  eden space 1536K, 0% used [0x00000000eab00000,0x00000000eab00000,0x00000000eac80000)
  from space 512K, 38% used [0x00000000ead80000,0x00000000eadb0b28,0x00000000eae00000)
  to   space 512K, 0% used [0x00000000ead00000,0x00000000ead00000,0x00000000ead80000)
 ParOldGen       total 424960K, used 424833K [0x00000000c0000000, 0x00000000d9f00000, 0x00000000eab00000)
  object space 424960K, 99% used [0x00000000c0000000,0x00000000d9ee0770,0x00000000d9f00000)
 Metaspace       used 66529K, committed 67968K, reserved 1114112K
  class space    used 6910K, committed 7488K, reserved 1048576K
}

