# JRE version: OpenJDK Runtime Environment Temurin-21.0.5+11 (21.0.5+11) (build 21.0.5+11-LTS)
# Java VM: OpenJDK 64-Bit Server VM Temurin-21.0.5+11 (21.0.5+11-LTS, mixed mode, sharing, tiered, compressed oops, compressed class ptrs, parallel gc, windows-amd64)
GC Precious Log:
 CardTable entry size: 512
 CPUs: 4 total, 4 available
 Memory: 3858M
 Large Page Support: Disabled
 NUMA Support: Disabled
 Compressed Oops: Enabled (32-bit)
 Alignments: Space 512K, Generation 512K, Heap 2M
 Heap Min Capacity: 100M
 Heap Initial Capacity: 100M
 Heap Max Capacity: 1G
 Pre-touch: Disabled
 Parallel Workers: 4
Heap:
 PSYoungGen      total 9216K, used 9090K [0x00000000eab00000, 0x00000000eb500000, 0x0000000100000000)
  eden space 8192K, 99% used [0x00000000eab00000,0x00000000eb2fffe8,0x00000000eb300000)
  from space 1024K, 87% used [0x00000000eb380000,0x00000000eb460bb8,0x00000000eb480000)
  to   space 512K, 0% used [0x00000000eb480000,0x00000000eb480000,0x00000000eb500000)
 ParOldGen       total 151040K, used 150948K [0x00000000c0000000, 0x00000000c9380000, 0x00000000eab00000)
  object space 151040K, 99% used [0x00000000c0000000,0x00000000c9369388,0x00000000c9380000)
 Metaspace       used 57997K, committed 59264K, reserved 1114112K
  class space    used 5971K, committed 6528K, reserved 1048576K
GC Heap History (20 events):
Event: 131.143 GC heap before
{Heap before GC invocations=78 (full 2):
 PSYoungGen      total 9728K, used 9405K [0x00000000eab00000, 0x00000000eb700000, 0x0000000100000000)
  eden space 8192K, 100% used [0x00000000eab00000,0x00000000eb300000,0x00000000eb300000)
  from space 1536K, 79% used [0x00000000eb300000,0x00000000eb42f778,0x00000000eb480000)
  to   space 2048K, 0% used [0x00000000eb500000,0x00000000eb500000,0x00000000eb700000)
 ParOldGen       total 139264K, used 139205K [0x00000000c0000000, 0x00000000c8800000, 0x00000000eab00000)
  object space 139264K, 99% used [0x00000000c0000000,0x00000000c87f15c8,0x00000000c8800000)
 Metaspace       used 57559K, committed 58880K, reserved 1114112K
  class space    used 5956K, committed 6528K, reserved 1048576K
}
Event: 131.153 GC heap after
{Heap after GC invocations=78 (full 2):
 PSYoungGen      total 9728K, used 1432K [0x00000000eab00000, 0x00000000eb680000, 0x0000000100000000)
  eden space 8192K, 0% used [0x00000000eab00000,0x00000000eab00000,0x00000000eb300000)
  from space 1536K, 93% used [0x00000000eb500000,0x00000000eb6661f0,0x00000000eb680000)
  to   space 1536K, 0% used [0x00000000eb300000,0x00000000eb300000,0x00000000eb480000)
 ParOldGen       total 140800K, used 140384K [0x00000000c0000000, 0x00000000c8980000, 0x00000000eab00000)
  object space 140800K, 99% used [0x00000000c0000000,0x00000000c8918180,0x00000000c8980000)
 Metaspace       used 57559K, committed 58880K, reserved 1114112K
  class space    used 5956K, committed 6528K, reserved 1048576K
}
Event: 131.469 GC heap before
{Heap before GC invocations=79 (full 2):
 PSYoungGen      total 9728K, used 9624K [0x00000000eab00000, 0x00000000eb680000, 0x0000000100000000)
  eden space 8192K, 100% used [0x00000000eab00000,0x00000000eb300000,0x00000000eb300000)
  from space 1536K, 93% used [0x00000000eb500000,0x00000000eb6661f0,0x00000000eb680000)
  to   space 1536K, 0% used [0x00000000eb300000,0x00000000eb300000,0x00000000eb480000)
 ParOldGen       total 140800K, used 140384K [0x00000000c0000000, 0x00000000c8980000, 0x00000000eab00000)
  object space 140800K, 99% used [0x00000000c0000000,0x00000000c8918180,0x00000000c8980000)
 Metaspace       used 57580K, committed 58880K, reserved 1114112K
  class space    used 5957K, committed 6528K, reserved 1048576K
}
Event: 131.473 GC heap after
{Heap after GC invocations=79 (full 2):
 PSYoungGen      total 9728K, used 1199K [0x00000000eab00000, 0x00000000eb600000, 0x0000000100000000)
  eden space 8192K, 0% used [0x00000000eab00000,0x00000000eab00000,0x00000000eb300000)
  from space 1536K, 78% used [0x00000000eb300000,0x00000000eb42bd38,0x00000000eb480000)
  to   space 1536K, 0% used [0x00000000eb480000,0x00000000eb480000,0x00000000eb600000)
 ParOldGen       total 141824K, used 141631K [0x00000000c0000000, 0x00000000c8a80000, 0x00000000eab00000)
  object space 141824K, 99% used [0x00000000c0000000,0x00000000c8a4fe08,0x00000000c8a80000)
 Metaspace       used 57580K, committed 58880K, reserved 1114112K
  class space    used 5957K, committed 6528K, reserved 1048576K
}
Event: 132.165 GC heap before
{Heap before GC invocations=80 (full 2):
 PSYoungGen      total 9728K, used 9391K [0x00000000eab00000, 0x00000000eb600000, 0x0000000100000000)
  eden space 8192K, 100% used [0x00000000eab00000,0x00000000eb300000,0x00000000eb300000)
  from space 1536K, 78% used [0x00000000eb300000,0x00000000eb42bd38,0x00000000eb480000)
  to   space 1536K, 0% used [0x00000000eb480000,0x00000000eb480000,0x00000000eb600000)
 ParOldGen       total 141824K, used 141631K [0x00000000c0000000, 0x00000000c8a80000, 0x00000000eab00000)
  object space 141824K, 99% used [0x00000000c0000000,0x00000000c8a4fe08,0x00000000c8a80000)
 Metaspace       used 57615K, committed 58880K, reserved 1114112K
  class space    used 5957K, committed 6528K, reserved 1048576K
}
Event: 132.170 GC heap after
{Heap after GC invocations=80 (full 2):
 PSYoungGen      total 9728K, used 1106K [0x00000000eab00000, 0x00000000eb600000, 0x0000000100000000)
  eden space 8192K, 0% used [0x00000000eab00000,0x00000000eab00000,0x00000000eb300000)
  from space 1536K, 72% used [0x00000000eb480000,0x00000000eb594920,0x00000000eb600000)
  to   space 1536K, 0% used [0x00000000eb300000,0x00000000eb300000,0x00000000eb480000)
 ParOldGen       total 142848K, used 142780K [0x00000000c0000000, 0x00000000c8b80000, 0x00000000eab00000)
  object space 142848K, 99% used [0x00000000c0000000,0x00000000c8b6f200,0x00000000c8b80000)
 Metaspace       used 57615K, committed 58880K, reserved 1114112K
  class space    used 5957K, committed 6528K, reserved 1048576K
}
Event: 132.671 GC heap before
{Heap before GC invocations=81 (full 2):
 PSYoungGen      total 9728K, used 9298K [0x00000000eab00000, 0x00000000eb600000, 0x0000000100000000)
  eden space 8192K, 100% used [0x00000000eab00000,0x00000000eb300000,0x00000000eb300000)
  from space 1536K, 72% used [0x00000000eb480000,0x00000000eb594920,0x00000000eb600000)
  to   space 1536K, 0% used [0x00000000eb300000,0x00000000eb300000,0x00000000eb480000)
 ParOldGen       total 142848K, used 142780K [0x00000000c0000000, 0x00000000c8b80000, 0x00000000eab00000)
  object space 142848K, 99% used [0x00000000c0000000,0x00000000c8b6f200,0x00000000c8b80000)
 Metaspace       used 57681K, committed 58944K, reserved 1114112K
  class space    used 5957K, committed 6528K, reserved 1048576K
}
Event: 132.678 GC heap after
{Heap after GC invocations=81 (full 2):
 PSYoungGen      total 9728K, used 1359K [0x00000000eab00000, 0x00000000eb600000, 0x0000000100000000)
  eden space 8192K, 0% used [0x00000000eab00000,0x00000000eab00000,0x00000000eb300000)
  from space 1536K, 88% used [0x00000000eb300000,0x00000000eb453e60,0x00000000eb480000)
  to   space 1536K, 0% used [0x00000000eb480000,0x00000000eb480000,0x00000000eb600000)
 ParOldGen       total 143872K, used 143838K [0x00000000c0000000, 0x00000000c8c80000, 0x00000000eab00000)
  object space 143872K, 99% used [0x00000000c0000000,0x00000000c8c77a18,0x00000000c8c80000)
 Metaspace       used 57681K, committed 58944K, reserved 1114112K
  class space    used 5957K, committed 6528K, reserved 1048576K
}
Event: 132.805 GC heap before
{Heap before GC invocations=82 (full 2):
 PSYoungGen      total 9728K, used 9551K [0x00000000eab00000, 0x00000000eb600000, 0x0000000100000000)
  eden space 8192K, 100% used [0x00000000eab00000,0x00000000eb300000,0x00000000eb300000)
  from space 1536K, 88% used [0x00000000eb300000,0x00000000eb453e60,0x00000000eb480000)
  to   space 1536K, 0% used [0x00000000eb480000,0x00000000eb480000,0x00000000eb600000)
 ParOldGen       total 143872K, used 143838K [0x00000000c0000000, 0x00000000c8c80000, 0x00000000eab00000)
  object space 143872K, 99% used [0x00000000c0000000,0x00000000c8c77a18,0x00000000c8c80000)
 Metaspace       used 57697K, committed 59072K, reserved 1114112K
  class space    used 5958K, committed 6528K, reserved 1048576K
}
Event: 132.810 GC heap after
{Heap after GC invocations=82 (full 2):
 PSYoungGen      total 9728K, used 1376K [0x00000000eab00000, 0x00000000eb600000, 0x0000000100000000)
  eden space 8192K, 0% used [0x00000000eab00000,0x00000000eab00000,0x00000000eb300000)
  from space 1536K, 89% used [0x00000000eb480000,0x00000000eb5d8010,0x00000000eb600000)
  to   space 1536K, 0% used [0x00000000eb300000,0x00000000eb300000,0x00000000eb480000)
 ParOldGen       total 144896K, used 144844K [0x00000000c0000000, 0x00000000c8d80000, 0x00000000eab00000)
  object space 144896K, 99% used [0x00000000c0000000,0x00000000c8d73288,0x00000000c8d80000)
 Metaspace       used 57697K, committed 59072K, reserved 1114112K
  class space    used 5958K, committed 6528K, reserved 1048576K
}
Event: 133.069 GC heap before
{Heap before GC invocations=83 (full 2):
 PSYoungGen      total 9728K, used 9568K [0x00000000eab00000, 0x00000000eb600000, 0x0000000100000000)
  eden space 8192K, 100% used [0x00000000eab00000,0x00000000eb300000,0x00000000eb300000)
  from space 1536K, 89% used [0x00000000eb480000,0x00000000eb5d8010,0x00000000eb600000)
  to   space 1536K, 0% used [0x00000000eb300000,0x00000000eb300000,0x00000000eb480000)
 ParOldGen       total 145920K, used 145885K [0x00000000c0000000, 0x00000000c8e80000, 0x00000000eab00000)
  object space 145920K, 99% used [0x00000000c0000000,0x00000000c8e777d8,0x00000000c8e80000)
 Metaspace       used 57773K, committed 59136K, reserved 1114112K
  class space    used 5958K, committed 6528K, reserved 1048576K
}
Event: 133.075 GC heap after
{Heap after GC invocations=83 (full 2):
 PSYoungGen      total 9728K, used 1032K [0x00000000eab00000, 0x00000000eb600000, 0x0000000100000000)
  eden space 8192K, 0% used [0x00000000eab00000,0x00000000eab00000,0x00000000eb300000)
  from space 1536K, 67% used [0x00000000eb300000,0x00000000eb402148,0x00000000eb480000)
  to   space 1536K, 0% used [0x00000000eb480000,0x00000000eb480000,0x00000000eb600000)
 ParOldGen       total 146944K, used 146842K [0x00000000c0000000, 0x00000000c8f80000, 0x00000000eab00000)
  object space 146944K, 99% used [0x00000000c0000000,0x00000000c8f66a30,0x00000000c8f80000)
 Metaspace       used 57773K, committed 59136K, reserved 1114112K
  class space    used 5958K, committed 6528K, reserved 1048576K
}
Event: 133.144 GC heap before
{Heap before GC invocations=84 (full 2):
 PSYoungGen      total 9728K, used 9224K [0x00000000eab00000, 0x00000000eb600000, 0x0000000100000000)
  eden space 8192K, 100% used [0x00000000eab00000,0x00000000eb300000,0x00000000eb300000)
  from space 1536K, 67% used [0x00000000eb300000,0x00000000eb402148,0x00000000eb480000)
  to   space 1536K, 0% used [0x00000000eb480000,0x00000000eb480000,0x00000000eb600000)
 ParOldGen       total 146944K, used 146852K [0x00000000c0000000, 0x00000000c8f80000, 0x00000000eab00000)
  object space 146944K, 99% used [0x00000000c0000000,0x00000000c8f691a0,0x00000000c8f80000)
 Metaspace       used 57794K, committed 59136K, reserved 1114112K
  class space    used 5958K, committed 6528K, reserved 1048576K
}
Event: 133.150 GC heap after
{Heap after GC invocations=84 (full 2):
 PSYoungGen      total 9728K, used 1231K [0x00000000eab00000, 0x00000000eb600000, 0x0000000100000000)
  eden space 8192K, 0% used [0x00000000eab00000,0x00000000eab00000,0x00000000eb300000)
  from space 1536K, 80% used [0x00000000eb480000,0x00000000eb5b3d28,0x00000000eb600000)
  to   space 1536K, 0% used [0x00000000eb300000,0x00000000eb300000,0x00000000eb480000)
 ParOldGen       total 147968K, used 147800K [0x00000000c0000000, 0x00000000c9080000, 0x00000000eab00000)
  object space 147968K, 99% used [0x00000000c0000000,0x00000000c9056378,0x00000000c9080000)
 Metaspace       used 57794K, committed 59136K, reserved 1114112K
  class space    used 5958K, committed 6528K, reserved 1048576K
}
Event: 133.243 GC heap before
{Heap before GC invocations=85 (full 2):
 PSYoungGen      total 9728K, used 9423K [0x00000000eab00000, 0x00000000eb600000, 0x0000000100000000)
  eden space 8192K, 100% used [0x00000000eab00000,0x00000000eb300000,0x00000000eb300000)
  from space 1536K, 80% used [0x00000000eb480000,0x00000000eb5b3d28,0x00000000eb600000)
  to   space 1536K, 0% used [0x00000000eb300000,0x00000000eb300000,0x00000000eb480000)
 ParOldGen       total 147968K, used 147800K [0x00000000c0000000, 0x00000000c9080000, 0x00000000eab00000)
  object space 147968K, 99% used [0x00000000c0000000,0x00000000c9056378,0x00000000c9080000)
 Metaspace       used 57817K, committed 59136K, reserved 1114112K
  class space    used 5958K, committed 6528K, reserved 1048576K
}
Event: 133.249 GC heap after
{Heap after GC invocations=85 (full 2):
 PSYoungGen      total 9728K, used 1394K [0x00000000eab00000, 0x00000000eb600000, 0x0000000100000000)
  eden space 8192K, 0% used [0x00000000eab00000,0x00000000eab00000,0x00000000eb300000)
  from space 1536K, 90% used [0x00000000eb300000,0x00000000eb45c878,0x00000000eb480000)
  to   space 1536K, 0% used [0x00000000eb480000,0x00000000eb480000,0x00000000eb600000)
 ParOldGen       total 148992K, used 148955K [0x00000000c0000000, 0x00000000c9180000, 0x00000000eab00000)
  object space 148992K, 99% used [0x00000000c0000000,0x00000000c9176fd0,0x00000000c9180000)
 Metaspace       used 57817K, committed 59136K, reserved 1114112K
  class space    used 5958K, committed 6528K, reserved 1048576K
}
Event: 133.478 GC heap before
{Heap before GC invocations=86 (full 2):
 PSYoungGen      total 9728K, used 9586K [0x00000000eab00000, 0x00000000eb600000, 0x0000000100000000)
  eden space 8192K, 100% used [0x00000000eab00000,0x00000000eb300000,0x00000000eb300000)
  from space 1536K, 90% used [0x00000000eb300000,0x00000000eb45c878,0x00000000eb480000)
  to   space 1536K, 0% used [0x00000000eb480000,0x00000000eb480000,0x00000000eb600000)
 ParOldGen       total 148992K, used 148955K [0x00000000c0000000, 0x00000000c9180000, 0x00000000eab00000)
  object space 148992K, 99% used [0x00000000c0000000,0x00000000c9176fd0,0x00000000c9180000)
 Metaspace       used 57880K, committed 59200K, reserved 1114112K
  class space    used 5958K, committed 6528K, reserved 1048576K
}
Event: 133.483 GC heap after
{Heap after GC invocations=86 (full 2):
 PSYoungGen      total 9216K, used 737K [0x00000000eab00000, 0x00000000eb580000, 0x0000000100000000)
  eden space 8192K, 0% used [0x00000000eab00000,0x00000000eab00000,0x00000000eb300000)
  from space 1024K, 72% used [0x00000000eb480000,0x00000000eb538600,0x00000000eb580000)
  to   space 1024K, 0% used [0x00000000eb380000,0x00000000eb380000,0x00000000eb480000)
 ParOldGen       total 150528K, used 150264K [0x00000000c0000000, 0x00000000c9300000, 0x00000000eab00000)
  object space 150528K, 99% used [0x00000000c0000000,0x00000000c92be160,0x00000000c9300000)
 Metaspace       used 57880K, committed 59200K, reserved 1114112K
  class space    used 5958K, committed 6528K, reserved 1048576K
}
Event: 133.775 GC heap before
{Heap before GC invocations=87 (full 2):
 PSYoungGen      total 9216K, used 8929K [0x00000000eab00000, 0x00000000eb580000, 0x0000000100000000)
  eden space 8192K, 100% used [0x00000000eab00000,0x00000000eb300000,0x00000000eb300000)
  from space 1024K, 72% used [0x00000000eb480000,0x00000000eb538600,0x00000000eb580000)
  to   space 1024K, 0% used [0x00000000eb380000,0x00000000eb380000,0x00000000eb480000)
 ParOldGen       total 150528K, used 150264K [0x00000000c0000000, 0x00000000c9300000, 0x00000000eab00000)
  object space 150528K, 99% used [0x00000000c0000000,0x00000000c92be160,0x00000000c9300000)
 Metaspace       used 57887K, committed 59200K, reserved 1114112K
  class space    used 5958K, committed 6528K, reserved 1048576K
}
Event: 133.780 GC heap after
{Heap after GC invocations=87 (full 2):
 PSYoungGen      total 9216K, used 898K [0x00000000eab00000, 0x00000000eb500000, 0x0000000100000000)
  eden space 8192K, 0% used [0x00000000eab00000,0x00000000eab00000,0x00000000eb300000)
  from space 1024K, 87% used [0x00000000eb380000,0x00000000eb460bb8,0x00000000eb480000)
  to   space 512K, 0% used [0x00000000eb480000,0x00000000eb480000,0x00000000eb500000)
 ParOldGen       total 151040K, used 150948K [0x00000000c0000000, 0x00000000c9380000, 0x00000000eab00000)
  object space 151040K, 99% used [0x00000000c0000000,0x00000000c9369388,0x00000000c9380000)
 Metaspace       used 57887K, committed 59200K, reserved 1114112K
  class space    used 5958K, committed 6528K, reserved 1048576K
}

