# JRE version: OpenJDK Runtime Environment Temurin-21.0.5+11 (21.0.5+11) (build 21.0.5+11-LTS)
# Java VM: OpenJDK 64-Bit Server VM Temurin-21.0.5+11 (21.0.5+11-LTS, mixed mode, sharing, tiered, compressed oops, compressed class ptrs, parallel gc, windows-amd64)
GC Precious Log:
 CardTable entry size: 512
 CPUs: 4 total, 4 available
 Memory: 3858M
 Large Page Support: Disabled
 NUMA Support: Disabled
 Compressed Oops: Enabled (32-bit)
 Alignments: Space 512K, Generation 512K, Heap 2M
 Heap Min Capacity: 100M
 Heap Initial Capacity: 100M
 Heap Max Capacity: 1G
 Pre-touch: Disabled
 Parallel Workers: 4
Heap:
 PSYoungGen      total 9728K, used 5943K [0x00000000eab00000, 0x00000000eb600000, 0x0000000100000000)
  eden space 9216K, 59% used [0x00000000eab00000,0x00000000eb04fd80,0x00000000eb400000)
  from space 512K, 98% used [0x00000000eb580000,0x00000000eb5fe0f8,0x00000000eb600000)
  to   space 1024K, 0% used [0x00000000eb400000,0x00000000eb400000,0x00000000eb500000)
 ParOldGen       total 96256K, used 96208K [0x00000000c0000000, 0x00000000c5e00000, 0x00000000eab00000)
  object space 96256K, 99% used [0x00000000c0000000,0x00000000c5df4358,0x00000000c5e00000)
 Metaspace       used 46860K, committed 47936K, reserved 1114112K
  class space    used 4222K, committed 4736K, reserved 1048576K
GC Heap History (20 events):
Event: 611.002 GC heap before
{Heap before GC invocations=148 (full 2):
 PSYoungGen      total 9728K, used 9712K [0x00000000eab00000, 0x00000000eb600000, 0x0000000100000000)
  eden space 9216K, 100% used [0x00000000eab00000,0x00000000eb400000,0x00000000eb400000)
  from space 512K, 96% used [0x00000000eb480000,0x00000000eb4fc010,0x00000000eb500000)
  to   space 1024K, 0% used [0x00000000eb500000,0x00000000eb500000,0x00000000eb600000)
 ParOldGen       total 92672K, used 92207K [0x00000000c0000000, 0x00000000c5a80000, 0x00000000eab00000)
  object space 92672K, 99% used [0x00000000c0000000,0x00000000c5a0bfd0,0x00000000c5a80000)
 Metaspace       used 46773K, committed 47872K, reserved 1114112K
  class space    used 4222K, committed 4736K, reserved 1048576K
}
Event: 611.003 GC heap after
{Heap after GC invocations=148 (full 2):
 PSYoungGen      total 10240K, used 608K [0x00000000eab00000, 0x00000000eb600000, 0x0000000100000000)
  eden space 9216K, 0% used [0x00000000eab00000,0x00000000eab00000,0x00000000eb400000)
  from space 1024K, 59% used [0x00000000eb500000,0x00000000eb598000,0x00000000eb600000)
  to   space 1024K, 0% used [0x00000000eb400000,0x00000000eb400000,0x00000000eb500000)
 ParOldGen       total 92672K, used 92223K [0x00000000c0000000, 0x00000000c5a80000, 0x00000000eab00000)
  object space 92672K, 99% used [0x00000000c0000000,0x00000000c5a0ffd0,0x00000000c5a80000)
 Metaspace       used 46773K, committed 47872K, reserved 1114112K
  class space    used 4222K, committed 4736K, reserved 1048576K
}
Event: 611.056 GC heap before
{Heap before GC invocations=149 (full 2):
 PSYoungGen      total 10240K, used 9824K [0x00000000eab00000, 0x00000000eb600000, 0x0000000100000000)
  eden space 9216K, 100% used [0x00000000eab00000,0x00000000eb400000,0x00000000eb400000)
  from space 1024K, 59% used [0x00000000eb500000,0x00000000eb598000,0x00000000eb600000)
  to   space 1024K, 0% used [0x00000000eb400000,0x00000000eb400000,0x00000000eb500000)
 ParOldGen       total 92672K, used 92223K [0x00000000c0000000, 0x00000000c5a80000, 0x00000000eab00000)
  object space 92672K, 99% used [0x00000000c0000000,0x00000000c5a0ffd0,0x00000000c5a80000)
 Metaspace       used 46779K, committed 47872K, reserved 1114112K
  class space    used 4222K, committed 4736K, reserved 1048576K
}
Event: 611.059 GC heap after
{Heap after GC invocations=149 (full 2):
 PSYoungGen      total 10240K, used 1008K [0x00000000eab00000, 0x00000000eb700000, 0x0000000100000000)
  eden space 9216K, 0% used [0x00000000eab00000,0x00000000eab00000,0x00000000eb400000)
  from space 1024K, 98% used [0x00000000eb400000,0x00000000eb4fc010,0x00000000eb500000)
  to   space 1536K, 0% used [0x00000000eb580000,0x00000000eb580000,0x00000000eb700000)
 ParOldGen       total 92672K, used 92575K [0x00000000c0000000, 0x00000000c5a80000, 0x00000000eab00000)
  object space 92672K, 99% used [0x00000000c0000000,0x00000000c5a67fe0,0x00000000c5a80000)
 Metaspace       used 46779K, committed 47872K, reserved 1114112K
  class space    used 4222K, committed 4736K, reserved 1048576K
}
Event: 611.179 GC heap before
{Heap before GC invocations=150 (full 2):
 PSYoungGen      total 10240K, used 10224K [0x00000000eab00000, 0x00000000eb700000, 0x0000000100000000)
  eden space 9216K, 100% used [0x00000000eab00000,0x00000000eb400000,0x00000000eb400000)
  from space 1024K, 98% used [0x00000000eb400000,0x00000000eb4fc010,0x00000000eb500000)
  to   space 1536K, 0% used [0x00000000eb580000,0x00000000eb580000,0x00000000eb700000)
 ParOldGen       total 92672K, used 92575K [0x00000000c0000000, 0x00000000c5a80000, 0x00000000eab00000)
  object space 92672K, 99% used [0x00000000c0000000,0x00000000c5a67fe0,0x00000000c5a80000)
 Metaspace       used 46780K, committed 47872K, reserved 1114112K
  class space    used 4222K, committed 4736K, reserved 1048576K
}
Event: 611.183 GC heap after
{Heap after GC invocations=150 (full 2):
 PSYoungGen      total 10752K, used 992K [0x00000000eab00000, 0x00000000eb700000, 0x0000000100000000)
  eden space 9216K, 0% used [0x00000000eab00000,0x00000000eab00000,0x00000000eb400000)
  from space 1536K, 64% used [0x00000000eb580000,0x00000000eb678020,0x00000000eb700000)
  to   space 1536K, 0% used [0x00000000eb400000,0x00000000eb400000,0x00000000eb580000)
 ParOldGen       total 93696K, used 93271K [0x00000000c0000000, 0x00000000c5b80000, 0x00000000eab00000)
  object space 93696K, 99% used [0x00000000c0000000,0x00000000c5b15ce8,0x00000000c5b80000)
 Metaspace       used 46780K, committed 47872K, reserved 1114112K
  class space    used 4222K, committed 4736K, reserved 1048576K
}
Event: 611.262 GC heap before
{Heap before GC invocations=151 (full 2):
 PSYoungGen      total 10752K, used 10208K [0x00000000eab00000, 0x00000000eb700000, 0x0000000100000000)
  eden space 9216K, 100% used [0x00000000eab00000,0x00000000eb400000,0x00000000eb400000)
  from space 1536K, 64% used [0x00000000eb580000,0x00000000eb678020,0x00000000eb700000)
  to   space 1536K, 0% used [0x00000000eb400000,0x00000000eb400000,0x00000000eb580000)
 ParOldGen       total 93696K, used 93271K [0x00000000c0000000, 0x00000000c5b80000, 0x00000000eab00000)
  object space 93696K, 99% used [0x00000000c0000000,0x00000000c5b15ce8,0x00000000c5b80000)
 Metaspace       used 46784K, committed 47872K, reserved 1114112K
  class space    used 4222K, committed 4736K, reserved 1048576K
}
Event: 611.265 GC heap after
{Heap after GC invocations=151 (full 2):
 PSYoungGen      total 10752K, used 1056K [0x00000000eab00000, 0x00000000eb700000, 0x0000000100000000)
  eden space 9216K, 0% used [0x00000000eab00000,0x00000000eab00000,0x00000000eb400000)
  from space 1536K, 68% used [0x00000000eb400000,0x00000000eb508020,0x00000000eb580000)
  to   space 1536K, 0% used [0x00000000eb580000,0x00000000eb580000,0x00000000eb700000)
 ParOldGen       total 93696K, used 93588K [0x00000000c0000000, 0x00000000c5b80000, 0x00000000eab00000)
  object space 93696K, 99% used [0x00000000c0000000,0x00000000c5b650e0,0x00000000c5b80000)
 Metaspace       used 46784K, committed 47872K, reserved 1114112K
  class space    used 4222K, committed 4736K, reserved 1048576K
}
Event: 611.356 GC heap before
{Heap before GC invocations=152 (full 2):
 PSYoungGen      total 10752K, used 10272K [0x00000000eab00000, 0x00000000eb700000, 0x0000000100000000)
  eden space 9216K, 100% used [0x00000000eab00000,0x00000000eb400000,0x00000000eb400000)
  from space 1536K, 68% used [0x00000000eb400000,0x00000000eb508020,0x00000000eb580000)
  to   space 1536K, 0% used [0x00000000eb580000,0x00000000eb580000,0x00000000eb700000)
 ParOldGen       total 93696K, used 93588K [0x00000000c0000000, 0x00000000c5b80000, 0x00000000eab00000)
  object space 93696K, 99% used [0x00000000c0000000,0x00000000c5b650e0,0x00000000c5b80000)
 Metaspace       used 46789K, committed 47872K, reserved 1114112K
  class space    used 4222K, committed 4736K, reserved 1048576K
}
Event: 611.361 GC heap after
{Heap after GC invocations=152 (full 2):
 PSYoungGen      total 10752K, used 1360K [0x00000000eab00000, 0x00000000eb700000, 0x0000000100000000)
  eden space 9216K, 0% used [0x00000000eab00000,0x00000000eab00000,0x00000000eb400000)
  from space 1536K, 88% used [0x00000000eb580000,0x00000000eb6d4010,0x00000000eb700000)
  to   space 1536K, 0% used [0x00000000eb400000,0x00000000eb400000,0x00000000eb580000)
 ParOldGen       total 93696K, used 93604K [0x00000000c0000000, 0x00000000c5b80000, 0x00000000eab00000)
  object space 93696K, 99% used [0x00000000c0000000,0x00000000c5b690e0,0x00000000c5b80000)
 Metaspace       used 46789K, committed 47872K, reserved 1114112K
  class space    used 4222K, committed 4736K, reserved 1048576K
}
Event: 611.452 GC heap before
{Heap before GC invocations=153 (full 2):
 PSYoungGen      total 10752K, used 10576K [0x00000000eab00000, 0x00000000eb700000, 0x0000000100000000)
  eden space 9216K, 100% used [0x00000000eab00000,0x00000000eb400000,0x00000000eb400000)
  from space 1536K, 88% used [0x00000000eb580000,0x00000000eb6d4010,0x00000000eb700000)
  to   space 1536K, 0% used [0x00000000eb400000,0x00000000eb400000,0x00000000eb580000)
 ParOldGen       total 93696K, used 93604K [0x00000000c0000000, 0x00000000c5b80000, 0x00000000eab00000)
  object space 93696K, 99% used [0x00000000c0000000,0x00000000c5b690e0,0x00000000c5b80000)
 Metaspace       used 46795K, committed 47872K, reserved 1114112K
  class space    used 4222K, committed 4736K, reserved 1048576K
}
Event: 611.455 GC heap after
{Heap after GC invocations=153 (full 2):
 PSYoungGen      total 10752K, used 1532K [0x00000000eab00000, 0x00000000eb900000, 0x0000000100000000)
  eden space 9216K, 0% used [0x00000000eab00000,0x00000000eab00000,0x00000000eb400000)
  from space 1536K, 99% used [0x00000000eb400000,0x00000000eb57f220,0x00000000eb580000)
  to   space 2560K, 0% used [0x00000000eb680000,0x00000000eb680000,0x00000000eb900000)
 ParOldGen       total 94208K, used 94173K [0x00000000c0000000, 0x00000000c5c00000, 0x00000000eab00000)
  object space 94208K, 99% used [0x00000000c0000000,0x00000000c5bf7580,0x00000000c5c00000)
 Metaspace       used 46795K, committed 47872K, reserved 1114112K
  class space    used 4222K, committed 4736K, reserved 1048576K
}
Event: 611.542 GC heap before
{Heap before GC invocations=154 (full 2):
 PSYoungGen      total 10752K, used 10748K [0x00000000eab00000, 0x00000000eb900000, 0x0000000100000000)
  eden space 9216K, 100% used [0x00000000eab00000,0x00000000eb400000,0x00000000eb400000)
  from space 1536K, 99% used [0x00000000eb400000,0x00000000eb57f220,0x00000000eb580000)
  to   space 2560K, 0% used [0x00000000eb680000,0x00000000eb680000,0x00000000eb900000)
 ParOldGen       total 94208K, used 94173K [0x00000000c0000000, 0x00000000c5c00000, 0x00000000eab00000)
  object space 94208K, 99% used [0x00000000c0000000,0x00000000c5bf7580,0x00000000c5c00000)
 Metaspace       used 46798K, committed 47872K, reserved 1114112K
  class space    used 4222K, committed 4736K, reserved 1048576K
}
Event: 611.548 GC heap after
{Heap after GC invocations=154 (full 2):
 PSYoungGen      total 10752K, used 1120K [0x00000000eab00000, 0x00000000eb800000, 0x0000000100000000)
  eden space 9216K, 0% used [0x00000000eab00000,0x00000000eab00000,0x00000000eb400000)
  from space 1536K, 72% used [0x00000000eb680000,0x00000000eb798000,0x00000000eb800000)
  to   space 1536K, 0% used [0x00000000eb400000,0x00000000eb400000,0x00000000eb580000)
 ParOldGen       total 95232K, used 95213K [0x00000000c0000000, 0x00000000c5d00000, 0x00000000eab00000)
  object space 95232K, 99% used [0x00000000c0000000,0x00000000c5cfb7d8,0x00000000c5d00000)
 Metaspace       used 46798K, committed 47872K, reserved 1114112K
  class space    used 4222K, committed 4736K, reserved 1048576K
}
Event: 611.775 GC heap before
{Heap before GC invocations=155 (full 2):
 PSYoungGen      total 10752K, used 10336K [0x00000000eab00000, 0x00000000eb800000, 0x0000000100000000)
  eden space 9216K, 100% used [0x00000000eab00000,0x00000000eb400000,0x00000000eb400000)
  from space 1536K, 72% used [0x00000000eb680000,0x00000000eb798000,0x00000000eb800000)
  to   space 1536K, 0% used [0x00000000eb400000,0x00000000eb400000,0x00000000eb580000)
 ParOldGen       total 95232K, used 95213K [0x00000000c0000000, 0x00000000c5d00000, 0x00000000eab00000)
  object space 95232K, 99% used [0x00000000c0000000,0x00000000c5cfb7d8,0x00000000c5d00000)
 Metaspace       used 46798K, committed 47872K, reserved 1114112K
  class space    used 4222K, committed 4736K, reserved 1048576K
}
Event: 611.782 GC heap after
{Heap after GC invocations=155 (full 2):
 PSYoungGen      total 10752K, used 1456K [0x00000000eab00000, 0x00000000eb700000, 0x0000000100000000)
  eden space 9216K, 0% used [0x00000000eab00000,0x00000000eab00000,0x00000000eb400000)
  from space 1536K, 94% used [0x00000000eb400000,0x00000000eb56c010,0x00000000eb580000)
  to   space 1536K, 0% used [0x00000000eb580000,0x00000000eb580000,0x00000000eb700000)
 ParOldGen       total 96256K, used 95792K [0x00000000c0000000, 0x00000000c5e00000, 0x00000000eab00000)
  object space 96256K, 99% used [0x00000000c0000000,0x00000000c5d8c338,0x00000000c5e00000)
 Metaspace       used 46798K, committed 47872K, reserved 1114112K
  class space    used 4222K, committed 4736K, reserved 1048576K
}
Event: 611.841 GC heap before
{Heap before GC invocations=156 (full 2):
 PSYoungGen      total 10752K, used 10672K [0x00000000eab00000, 0x00000000eb700000, 0x0000000100000000)
  eden space 9216K, 100% used [0x00000000eab00000,0x00000000eb400000,0x00000000eb400000)
  from space 1536K, 94% used [0x00000000eb400000,0x00000000eb56c010,0x00000000eb580000)
  to   space 1536K, 0% used [0x00000000eb580000,0x00000000eb580000,0x00000000eb700000)
 ParOldGen       total 96256K, used 95792K [0x00000000c0000000, 0x00000000c5e00000, 0x00000000eab00000)
  object space 96256K, 99% used [0x00000000c0000000,0x00000000c5d8c338,0x00000000c5e00000)
 Metaspace       used 46801K, committed 47872K, reserved 1114112K
  class space    used 4222K, committed 4736K, reserved 1048576K
}
Event: 611.844 GC heap after
{Heap after GC invocations=156 (full 2):
 PSYoungGen      total 10240K, used 640K [0x00000000eab00000, 0x00000000eb680000, 0x0000000100000000)
  eden space 9216K, 0% used [0x00000000eab00000,0x00000000eab00000,0x00000000eb400000)
  from space 1024K, 62% used [0x00000000eb580000,0x00000000eb620000,0x00000000eb680000)
  to   space 1024K, 0% used [0x00000000eb480000,0x00000000eb480000,0x00000000eb580000)
 ParOldGen       total 96256K, used 95816K [0x00000000c0000000, 0x00000000c5e00000, 0x00000000eab00000)
  object space 96256K, 99% used [0x00000000c0000000,0x00000000c5d92338,0x00000000c5e00000)
 Metaspace       used 46801K, committed 47872K, reserved 1114112K
  class space    used 4222K, committed 4736K, reserved 1048576K
}
Event: 611.917 GC heap before
{Heap before GC invocations=157 (full 2):
 PSYoungGen      total 10240K, used 9856K [0x00000000eab00000, 0x00000000eb680000, 0x0000000100000000)
  eden space 9216K, 100% used [0x00000000eab00000,0x00000000eb400000,0x00000000eb400000)
  from space 1024K, 62% used [0x00000000eb580000,0x00000000eb620000,0x00000000eb680000)
  to   space 1024K, 0% used [0x00000000eb480000,0x00000000eb480000,0x00000000eb580000)
 ParOldGen       total 96256K, used 95816K [0x00000000c0000000, 0x00000000c5e00000, 0x00000000eab00000)
  object space 96256K, 99% used [0x00000000c0000000,0x00000000c5d92338,0x00000000c5e00000)
 Metaspace       used 46848K, committed 47936K, reserved 1114112K
  class space    used 4222K, committed 4736K, reserved 1048576K
}
Event: 611.919 GC heap after
{Heap after GC invocations=157 (full 2):
 PSYoungGen      total 10240K, used 96K [0x00000000eab00000, 0x00000000eb600000, 0x0000000100000000)
  eden space 9216K, 0% used [0x00000000eab00000,0x00000000eab00000,0x00000000eb400000)
  from space 1024K, 9% used [0x00000000eb480000,0x00000000eb498000,0x00000000eb580000)
  to   space 512K, 0% used [0x00000000eb580000,0x00000000eb580000,0x00000000eb600000)
 ParOldGen       total 96256K, used 95832K [0x00000000c0000000, 0x00000000c5e00000, 0x00000000eab00000)
  object space 96256K, 99% used [0x00000000c0000000,0x00000000c5d96338,0x00000000c5e00000)
 Metaspace       used 46848K, committed 47936K, reserved 1114112K
  class space    used 4222K, committed 4736K, reserved 1048576K
}

