# JRE version: OpenJDK Runtime Environment Temurin-21.0.5+11 (21.0.5+11) (build 21.0.5+11-LTS)
# Java VM: OpenJDK 64-Bit Server VM Temurin-21.0.5+11 (21.0.5+11-LTS, mixed mode, sharing, tiered, compressed oops, compressed class ptrs, parallel gc, windows-amd64)
GC Precious Log:
 CardTable entry size: 512
 CPUs: 4 total, 4 available
 Memory: 3858M
 Large Page Support: Disabled
 NUMA Support: Disabled
 Compressed Oops: Enabled (32-bit)
 Alignments: Space 512K, Generation 512K, Heap 2M
 Heap Min Capacity: 100M
 Heap Initial Capacity: 100M
 Heap Max Capacity: 1G
 Pre-touch: Disabled
 Parallel Workers: 4
Heap:
 PSYoungGen      total 21504K, used 10264K [0x00000000eab00000, 0x00000000ec480000, 0x0000000100000000)
  eden space 19968K, 43% used [0x00000000eab00000,0x00000000eb3893e0,0x00000000ebe80000)
  from space 1536K, 99% used [0x00000000ec100000,0x00000000ec27cef0,0x00000000ec280000)
  to   space 2560K, 0% used [0x00000000ebe80000,0x00000000ebe80000,0x00000000ec100000)
 ParOldGen       total 68608K, used 46632K [0x00000000c0000000, 0x00000000c4300000, 0x00000000eab00000)
  object space 68608K, 67% used [0x00000000c0000000,0x00000000c2d8a370,0x00000000c4300000)
 Metaspace       used 44910K, committed 46016K, reserved 1114112K
  class space    used 4181K, committed 4672K, reserved 1048576K
GC Heap History (20 events):
Event: 297.287 GC heap before
{Heap before GC invocations=32 (full 2):
 PSYoungGen      total 22528K, used 21811K [0x00000000eab00000, 0x00000000ec300000, 0x0000000100000000)
  eden space 21504K, 99% used [0x00000000eab00000,0x00000000ebffff88,0x00000000ec000000)
  from space 1024K, 29% used [0x00000000ec100000,0x00000000ec14cc90,0x00000000ec200000)
  to   space 512K, 0% used [0x00000000ec280000,0x00000000ec280000,0x00000000ec300000)
 ParOldGen       total 68608K, used 38943K [0x00000000c0000000, 0x00000000c4300000, 0x00000000eab00000)
  object space 68608K, 56% used [0x00000000c0000000,0x00000000c2607c70,0x00000000c4300000)
 Metaspace       used 43593K, committed 44672K, reserved 1114112K
  class space    used 4161K, committed 4672K, reserved 1048576K
}
Event: 297.291 GC heap after
{Heap after GC invocations=32 (full 2):
 PSYoungGen      total 22016K, used 505K [0x00000000eab00000, 0x00000000ec300000, 0x0000000100000000)
  eden space 21504K, 0% used [0x00000000eab00000,0x00000000eab00000,0x00000000ec000000)
  from space 512K, 98% used [0x00000000ec280000,0x00000000ec2fe4b0,0x00000000ec300000)
  to   space 1024K, 0% used [0x00000000ec100000,0x00000000ec100000,0x00000000ec200000)
 ParOldGen       total 68608K, used 39178K [0x00000000c0000000, 0x00000000c4300000, 0x00000000eab00000)
  object space 68608K, 57% used [0x00000000c0000000,0x00000000c2642900,0x00000000c4300000)
 Metaspace       used 43593K, committed 44672K, reserved 1114112K
  class space    used 4161K, committed 4672K, reserved 1048576K
}
Event: 297.680 GC heap before
{Heap before GC invocations=33 (full 2):
 PSYoungGen      total 22016K, used 22009K [0x00000000eab00000, 0x00000000ec300000, 0x0000000100000000)
  eden space 21504K, 100% used [0x00000000eab00000,0x00000000ec000000,0x00000000ec000000)
  from space 512K, 98% used [0x00000000ec280000,0x00000000ec2fe4b0,0x00000000ec300000)
  to   space 1024K, 0% used [0x00000000ec100000,0x00000000ec100000,0x00000000ec200000)
 ParOldGen       total 68608K, used 39178K [0x00000000c0000000, 0x00000000c4300000, 0x00000000eab00000)
  object space 68608K, 57% used [0x00000000c0000000,0x00000000c2642900,0x00000000c4300000)
 Metaspace       used 43674K, committed 44736K, reserved 1114112K
  class space    used 4161K, committed 4672K, reserved 1048576K
}
Event: 297.684 GC heap after
{Heap after GC invocations=33 (full 2):
 PSYoungGen      total 22528K, used 1024K [0x00000000eab00000, 0x00000000ec400000, 0x0000000100000000)
  eden space 21504K, 0% used [0x00000000eab00000,0x00000000eab00000,0x00000000ec000000)
  from space 1024K, 100% used [0x00000000ec100000,0x00000000ec200000,0x00000000ec200000)
  to   space 2048K, 0% used [0x00000000ec200000,0x00000000ec200000,0x00000000ec400000)
 ParOldGen       total 68608K, used 39744K [0x00000000c0000000, 0x00000000c4300000, 0x00000000eab00000)
  object space 68608K, 57% used [0x00000000c0000000,0x00000000c26d0230,0x00000000c4300000)
 Metaspace       used 43674K, committed 44736K, reserved 1114112K
  class space    used 4161K, committed 4672K, reserved 1048576K
}
Event: 299.022 GC heap before
{Heap before GC invocations=34 (full 2):
 PSYoungGen      total 22528K, used 22528K [0x00000000eab00000, 0x00000000ec400000, 0x0000000100000000)
  eden space 21504K, 100% used [0x00000000eab00000,0x00000000ec000000,0x00000000ec000000)
  from space 1024K, 100% used [0x00000000ec100000,0x00000000ec200000,0x00000000ec200000)
  to   space 2048K, 0% used [0x00000000ec200000,0x00000000ec200000,0x00000000ec400000)
 ParOldGen       total 68608K, used 39744K [0x00000000c0000000, 0x00000000c4300000, 0x00000000eab00000)
  object space 68608K, 57% used [0x00000000c0000000,0x00000000c26d0230,0x00000000c4300000)
 Metaspace       used 43753K, committed 44864K, reserved 1114112K
  class space    used 4163K, committed 4672K, reserved 1048576K
}
Event: 299.033 GC heap after
{Heap after GC invocations=34 (full 2):
 PSYoungGen      total 23040K, used 1997K [0x00000000eab00000, 0x00000000ec500000, 0x0000000100000000)
  eden space 20992K, 0% used [0x00000000eab00000,0x00000000eab00000,0x00000000ebf80000)
  from space 2048K, 97% used [0x00000000ec200000,0x00000000ec3f3418,0x00000000ec400000)
  to   space 2560K, 0% used [0x00000000ebf80000,0x00000000ebf80000,0x00000000ec200000)
 ParOldGen       total 68608K, used 40754K [0x00000000c0000000, 0x00000000c4300000, 0x00000000eab00000)
  object space 68608K, 59% used [0x00000000c0000000,0x00000000c27ccb30,0x00000000c4300000)
 Metaspace       used 43753K, committed 44864K, reserved 1114112K
  class space    used 4163K, committed 4672K, reserved 1048576K
}
Event: 301.806 GC heap before
{Heap before GC invocations=35 (full 2):
 PSYoungGen      total 23040K, used 22989K [0x00000000eab00000, 0x00000000ec500000, 0x0000000100000000)
  eden space 20992K, 100% used [0x00000000eab00000,0x00000000ebf80000,0x00000000ebf80000)
  from space 2048K, 97% used [0x00000000ec200000,0x00000000ec3f3418,0x00000000ec400000)
  to   space 2560K, 0% used [0x00000000ebf80000,0x00000000ebf80000,0x00000000ec200000)
 ParOldGen       total 68608K, used 40754K [0x00000000c0000000, 0x00000000c4300000, 0x00000000eab00000)
  object space 68608K, 59% used [0x00000000c0000000,0x00000000c27ccb30,0x00000000c4300000)
 Metaspace       used 44012K, committed 45120K, reserved 1114112K
  class space    used 4164K, committed 4672K, reserved 1048576K
}
Event: 301.815 GC heap after
{Heap after GC invocations=35 (full 2):
 PSYoungGen      total 21504K, used 288K [0x00000000eab00000, 0x00000000ec280000, 0x0000000100000000)
  eden space 20992K, 0% used [0x00000000eab00000,0x00000000eab00000,0x00000000ebf80000)
  from space 512K, 56% used [0x00000000ebf80000,0x00000000ebfc8000,0x00000000ec000000)
  to   space 1024K, 0% used [0x00000000ec180000,0x00000000ec180000,0x00000000ec280000)
 ParOldGen       total 68608K, used 42183K [0x00000000c0000000, 0x00000000c4300000, 0x00000000eab00000)
  object space 68608K, 61% used [0x00000000c0000000,0x00000000c2931dd8,0x00000000c4300000)
 Metaspace       used 44012K, committed 45120K, reserved 1114112K
  class space    used 4164K, committed 4672K, reserved 1048576K
}
Event: 304.363 GC heap before
{Heap before GC invocations=36 (full 2):
 PSYoungGen      total 21504K, used 21280K [0x00000000eab00000, 0x00000000ec280000, 0x0000000100000000)
  eden space 20992K, 100% used [0x00000000eab00000,0x00000000ebf80000,0x00000000ebf80000)
  from space 512K, 56% used [0x00000000ebf80000,0x00000000ebfc8000,0x00000000ec000000)
  to   space 1024K, 0% used [0x00000000ec180000,0x00000000ec180000,0x00000000ec280000)
 ParOldGen       total 68608K, used 42183K [0x00000000c0000000, 0x00000000c4300000, 0x00000000eab00000)
  object space 68608K, 61% used [0x00000000c0000000,0x00000000c2931dd8,0x00000000c4300000)
 Metaspace       used 44278K, committed 45376K, reserved 1114112K
  class space    used 4173K, committed 4672K, reserved 1048576K
}
Event: 304.366 GC heap after
{Heap after GC invocations=36 (full 2):
 PSYoungGen      total 22016K, used 736K [0x00000000eab00000, 0x00000000ec280000, 0x0000000100000000)
  eden space 20992K, 0% used [0x00000000eab00000,0x00000000eab00000,0x00000000ebf80000)
  from space 1024K, 71% used [0x00000000ec180000,0x00000000ec238020,0x00000000ec280000)
  to   space 1024K, 0% used [0x00000000ec080000,0x00000000ec080000,0x00000000ec180000)
 ParOldGen       total 68608K, used 42215K [0x00000000c0000000, 0x00000000c4300000, 0x00000000eab00000)
  object space 68608K, 61% used [0x00000000c0000000,0x00000000c2939dd8,0x00000000c4300000)
 Metaspace       used 44278K, committed 45376K, reserved 1114112K
  class space    used 4173K, committed 4672K, reserved 1048576K
}
Event: 306.028 GC heap before
{Heap before GC invocations=37 (full 2):
 PSYoungGen      total 22016K, used 21728K [0x00000000eab00000, 0x00000000ec280000, 0x0000000100000000)
  eden space 20992K, 100% used [0x00000000eab00000,0x00000000ebf80000,0x00000000ebf80000)
  from space 1024K, 71% used [0x00000000ec180000,0x00000000ec238020,0x00000000ec280000)
  to   space 1024K, 0% used [0x00000000ec080000,0x00000000ec080000,0x00000000ec180000)
 ParOldGen       total 68608K, used 42215K [0x00000000c0000000, 0x00000000c4300000, 0x00000000eab00000)
  object space 68608K, 61% used [0x00000000c0000000,0x00000000c2939dd8,0x00000000c4300000)
 Metaspace       used 44381K, committed 45504K, reserved 1114112K
  class space    used 4173K, committed 4672K, reserved 1048576K
}
Event: 306.031 GC heap after
{Heap after GC invocations=37 (full 2):
 PSYoungGen      total 22016K, used 672K [0x00000000eab00000, 0x00000000ec200000, 0x0000000100000000)
  eden space 20992K, 0% used [0x00000000eab00000,0x00000000eab00000,0x00000000ebf80000)
  from space 1024K, 65% used [0x00000000ec080000,0x00000000ec128020,0x00000000ec180000)
  to   space 512K, 0% used [0x00000000ec180000,0x00000000ec180000,0x00000000ec200000)
 ParOldGen       total 68608K, used 42303K [0x00000000c0000000, 0x00000000c4300000, 0x00000000eab00000)
  object space 68608K, 61% used [0x00000000c0000000,0x00000000c294fdf8,0x00000000c4300000)
 Metaspace       used 44381K, committed 45504K, reserved 1114112K
  class space    used 4173K, committed 4672K, reserved 1048576K
}
Event: 306.588 GC heap before
{Heap before GC invocations=38 (full 2):
 PSYoungGen      total 22016K, used 21664K [0x00000000eab00000, 0x00000000ec200000, 0x0000000100000000)
  eden space 20992K, 100% used [0x00000000eab00000,0x00000000ebf80000,0x00000000ebf80000)
  from space 1024K, 65% used [0x00000000ec080000,0x00000000ec128020,0x00000000ec180000)
  to   space 512K, 0% used [0x00000000ec180000,0x00000000ec180000,0x00000000ec200000)
 ParOldGen       total 68608K, used 42303K [0x00000000c0000000, 0x00000000c4300000, 0x00000000eab00000)
  object space 68608K, 61% used [0x00000000c0000000,0x00000000c294fdf8,0x00000000c4300000)
 Metaspace       used 44486K, committed 45568K, reserved 1114112K
  class space    used 4173K, committed 4672K, reserved 1048576K
}
Event: 306.593 GC heap after
{Heap after GC invocations=38 (full 2):
 PSYoungGen      total 21504K, used 512K [0x00000000eab00000, 0x00000000ec280000, 0x0000000100000000)
  eden space 20992K, 0% used [0x00000000eab00000,0x00000000eab00000,0x00000000ebf80000)
  from space 512K, 100% used [0x00000000ec180000,0x00000000ec200000,0x00000000ec200000)
  to   space 1536K, 0% used [0x00000000ebf80000,0x00000000ebf80000,0x00000000ec100000)
 ParOldGen       total 68608K, used 42928K [0x00000000c0000000, 0x00000000c4300000, 0x00000000eab00000)
  object space 68608K, 62% used [0x00000000c0000000,0x00000000c29ec2a8,0x00000000c4300000)
 Metaspace       used 44486K, committed 45568K, reserved 1114112K
  class space    used 4173K, committed 4672K, reserved 1048576K
}
Event: 307.244 GC heap before
{Heap before GC invocations=39 (full 2):
 PSYoungGen      total 21504K, used 21504K [0x00000000eab00000, 0x00000000ec280000, 0x0000000100000000)
  eden space 20992K, 100% used [0x00000000eab00000,0x00000000ebf80000,0x00000000ebf80000)
  from space 512K, 100% used [0x00000000ec180000,0x00000000ec200000,0x00000000ec200000)
  to   space 1536K, 0% used [0x00000000ebf80000,0x00000000ebf80000,0x00000000ec100000)
 ParOldGen       total 68608K, used 42928K [0x00000000c0000000, 0x00000000c4300000, 0x00000000eab00000)
  object space 68608K, 62% used [0x00000000c0000000,0x00000000c29ec2a8,0x00000000c4300000)
 Metaspace       used 44679K, committed 45760K, reserved 1114112K
  class space    used 4177K, committed 4672K, reserved 1048576K
}
Event: 307.248 GC heap after
{Heap after GC invocations=39 (full 2):
 PSYoungGen      total 22528K, used 1408K [0x00000000eab00000, 0x00000000ec280000, 0x0000000100000000)
  eden space 20992K, 0% used [0x00000000eab00000,0x00000000eab00000,0x00000000ebf80000)
  from space 1536K, 91% used [0x00000000ebf80000,0x00000000ec0e0000,0x00000000ec100000)
  to   space 1536K, 0% used [0x00000000ec100000,0x00000000ec100000,0x00000000ec280000)
 ParOldGen       total 68608K, used 43124K [0x00000000c0000000, 0x00000000c4300000, 0x00000000eab00000)
  object space 68608K, 62% used [0x00000000c0000000,0x00000000c2a1d178,0x00000000c4300000)
 Metaspace       used 44679K, committed 45760K, reserved 1114112K
  class space    used 4177K, committed 4672K, reserved 1048576K
}
Event: 307.853 GC heap before
{Heap before GC invocations=40 (full 2):
 PSYoungGen      total 22528K, used 22400K [0x00000000eab00000, 0x00000000ec280000, 0x0000000100000000)
  eden space 20992K, 100% used [0x00000000eab00000,0x00000000ebf80000,0x00000000ebf80000)
  from space 1536K, 91% used [0x00000000ebf80000,0x00000000ec0e0000,0x00000000ec100000)
  to   space 1536K, 0% used [0x00000000ec100000,0x00000000ec100000,0x00000000ec280000)
 ParOldGen       total 68608K, used 43124K [0x00000000c0000000, 0x00000000c4300000, 0x00000000eab00000)
  object space 68608K, 62% used [0x00000000c0000000,0x00000000c2a1d178,0x00000000c4300000)
 Metaspace       used 44731K, committed 45824K, reserved 1114112K
  class space    used 4177K, committed 4672K, reserved 1048576K
}
Event: 307.859 GC heap after
{Heap after GC invocations=40 (full 2):
 PSYoungGen      total 22528K, used 1168K [0x00000000eab00000, 0x00000000ec280000, 0x0000000100000000)
  eden space 20992K, 0% used [0x00000000eab00000,0x00000000eab00000,0x00000000ebf80000)
  from space 1536K, 76% used [0x00000000ec100000,0x00000000ec224010,0x00000000ec280000)
  to   space 1536K, 0% used [0x00000000ebf80000,0x00000000ebf80000,0x00000000ec100000)
 ParOldGen       total 68608K, used 43774K [0x00000000c0000000, 0x00000000c4300000, 0x00000000eab00000)
  object space 68608K, 63% used [0x00000000c0000000,0x00000000c2abf848,0x00000000c4300000)
 Metaspace       used 44731K, committed 45824K, reserved 1114112K
  class space    used 4177K, committed 4672K, reserved 1048576K
}
Event: 308.341 GC heap before
{Heap before GC invocations=41 (full 2):
 PSYoungGen      total 22528K, used 22160K [0x00000000eab00000, 0x00000000ec280000, 0x0000000100000000)
  eden space 20992K, 100% used [0x00000000eab00000,0x00000000ebf80000,0x00000000ebf80000)
  from space 1536K, 76% used [0x00000000ec100000,0x00000000ec224010,0x00000000ec280000)
  to   space 1536K, 0% used [0x00000000ebf80000,0x00000000ebf80000,0x00000000ec100000)
 ParOldGen       total 68608K, used 43774K [0x00000000c0000000, 0x00000000c4300000, 0x00000000eab00000)
  object space 68608K, 63% used [0x00000000c0000000,0x00000000c2abf848,0x00000000c4300000)
 Metaspace       used 44812K, committed 45888K, reserved 1114112K
  class space    used 4177K, committed 4672K, reserved 1048576K
}
Event: 308.347 GC heap after
{Heap after GC invocations=41 (full 2):
 PSYoungGen      total 22528K, used 1265K [0x00000000eab00000, 0x00000000ec280000, 0x0000000100000000)
  eden space 20992K, 0% used [0x00000000eab00000,0x00000000eab00000,0x00000000ebf80000)
  from space 1536K, 82% used [0x00000000ebf80000,0x00000000ec0bc4a8,0x00000000ec100000)
  to   space 1536K, 0% used [0x00000000ec100000,0x00000000ec100000,0x00000000ec280000)
 ParOldGen       total 68608K, used 45796K [0x00000000c0000000, 0x00000000c4300000, 0x00000000eab00000)
  object space 68608K, 66% used [0x00000000c0000000,0x00000000c2cb9050,0x00000000c4300000)
 Metaspace       used 44812K, committed 45888K, reserved 1114112K
  class space    used 4177K, committed 4672K, reserved 1048576K
}

